2025-03-10T21:20:29.648+01:00  INFO 1624 --- [crm] [main] com.example.crm.Lab3ApplicationKt        : Starting Lab3ApplicationKt using Java 21.0.3 with PID 1624 (C:\Users\drluc\WebApp2\Job-placement-services\crm\build\classes\kotlin\main started by drluc in C:\Users\drluc\WebApp2\Job-placement-services\crm)
2025-03-10T21:20:29.650+01:00 DEBUG 1624 --- [crm] [main] com.example.crm.Lab3ApplicationKt        : Running with Spring Boot v3.2.4, Spring v6.1.5
2025-03-10T21:20:29.650+01:00  INFO 1624 --- [crm] [main] com.example.crm.Lab3ApplicationKt        : No active profile set, falling back to 1 default profile: "default"
2025-03-10T21:20:29.716+01:00  INFO 1624 --- [crm] [main] .s.b.d.c.l.DockerComposeLifecycleManager : Using Docker Compose file 'C:\Users\drluc\WebApp2\Job-placement-services\crm\compose.yml'
2025-03-10T21:20:31.159+01:00  INFO 1624 --- [crm] [main] .s.b.d.c.l.DockerComposeLifecycleManager : There are already Docker Compose services running, skipping startup
2025-03-10T21:20:32.733+01:00  INFO 1624 --- [crm] [main] .s.d.r.c.RepositoryConfigurationDelegate : Bootstrapping Spring Data JPA repositories in DEFAULT mode.
2025-03-10T21:20:32.833+01:00  INFO 1624 --- [crm] [main] .s.d.r.c.RepositoryConfigurationDelegate : Finished Spring Data repository scanning in 91 ms. Found 11 JPA repository interfaces.
2025-03-10T21:20:33.385+01:00  INFO 1624 --- [crm] [main] o.s.b.w.embedded.tomcat.TomcatWebServer  : Tomcat initialized with port 8082 (http)
2025-03-10T21:20:33.397+01:00  INFO 1624 --- [crm] [main] o.apache.catalina.core.StandardService   : Starting service [Tomcat]
2025-03-10T21:20:33.397+01:00  INFO 1624 --- [crm] [main] o.apache.catalina.core.StandardEngine    : Starting Servlet engine: [Apache Tomcat/10.1.19]
2025-03-10T21:20:33.454+01:00  INFO 1624 --- [crm] [main] o.a.c.c.C.[Tomcat].[localhost].[/]       : Initializing Spring embedded WebApplicationContext
2025-03-10T21:20:33.455+01:00  INFO 1624 --- [crm] [main] w.s.c.ServletWebServerApplicationContext : Root WebApplicationContext: initialization completed in 1474 ms
2025-03-10T21:20:33.548+01:00  INFO 1624 --- [crm] [main] com.zaxxer.hikari.HikariDataSource       : HikariPool-1 - Starting...
2025-03-10T21:20:33.692+01:00  INFO 1624 --- [crm] [main] com.zaxxer.hikari.pool.HikariPool        : HikariPool-1 - Added connection org.postgresql.jdbc.PgConnection@639c7f9c
2025-03-10T21:20:33.693+01:00  INFO 1624 --- [crm] [main] com.zaxxer.hikari.HikariDataSource       : HikariPool-1 - Start completed.
2025-03-10T21:20:33.782+01:00  INFO 1624 --- [crm] [main] o.hibernate.jpa.internal.util.LogHelper  : HHH000204: Processing PersistenceUnitInfo [name: default]
2025-03-10T21:20:33.845+01:00  INFO 1624 --- [crm] [main] org.hibernate.Version                    : HHH000412: Hibernate ORM core version 6.4.4.Final
2025-03-10T21:20:33.884+01:00  INFO 1624 --- [crm] [main] o.h.c.internal.RegionFactoryInitiator    : HHH000026: Second-level cache disabled
2025-03-10T21:20:34.148+01:00  INFO 1624 --- [crm] [main] o.s.o.j.p.SpringPersistenceUnitInfo      : No LoadTimeWeaver setup: ignoring JPA class transformer
2025-03-10T21:20:34.661+01:00  WARN 1624 --- [crm] [main] org.hibernate.mapping.RootClass          : HHH000038: Composite-id class does not override equals(): com.example.crm.entities.Application
2025-03-10T21:20:34.661+01:00  WARN 1624 --- [crm] [main] org.hibernate.mapping.RootClass          : HHH000039: Composite-id class does not override hashCode(): com.example.crm.entities.Application
2025-03-10T21:20:35.325+01:00  INFO 1624 --- [crm] [main] o.h.e.t.j.p.i.JtaPlatformInitiator       : HHH000489: No JTA platform available (set 'hibernate.transaction.jta.platform' to enable JTA platform integration)
2025-03-10T21:20:35.577+01:00  INFO 1624 --- [crm] [main] j.LocalContainerEntityManagerFactoryBean : Initialized JPA EntityManagerFactory for persistence unit 'default'
2025-03-10T21:20:36.549+01:00  WARN 1624 --- [crm] [main] JpaBaseConfiguration$JpaWebConfiguration : spring.jpa.open-in-view is enabled by default. Therefore, database queries may be performed during view rendering. Explicitly configure spring.jpa.open-in-view to disable this warning
2025-03-10T21:20:36.834+01:00  INFO 1624 --- [crm] [main] o.s.s.web.DefaultSecurityFilterChain     : Will secure any request with [org.springframework.security.web.session.DisableEncodeUrlFilter@5a0c0680, org.springframework.security.web.context.request.async.WebAsyncManagerIntegrationFilter@18d963be, org.springframework.security.web.context.SecurityContextHolderFilter@6acdca3a, org.springframework.security.web.header.HeaderWriterFilter@2b14628b, org.springframework.web.filter.CorsFilter@2d2697a8, org.springframework.security.web.authentication.logout.LogoutFilter@489e1887, org.springframework.security.web.savedrequest.RequestCacheAwareFilter@45bb502f, org.springframework.security.web.servletapi.SecurityContextHolderAwareRequestFilter@7aac6d13, org.springframework.security.web.authentication.AnonymousAuthenticationFilter@17f5b53a, org.springframework.security.web.session.SessionManagementFilter@6c80b1d2, org.springframework.security.web.access.ExceptionTranslationFilter@43e9eddf, org.springframework.security.web.access.intercept.AuthorizationFilter@2823bd30]
2025-03-10T21:20:37.069+01:00  INFO 1624 --- [crm] [main] o.s.b.w.embedded.tomcat.TomcatWebServer  : Tomcat started on port 8082 (http) with context path ''
2025-03-10T21:20:37.076+01:00  INFO 1624 --- [crm] [main] com.example.crm.Lab3ApplicationKt        : Started Lab3ApplicationKt in 7.935 seconds (process running for 8.573)
2025-03-10T21:20:47.082+01:00  INFO 1624 --- [crm] [SpringApplicationShutdownHook] j.LocalContainerEntityManagerFactoryBean : Closing JPA EntityManagerFactory for persistence unit 'default'
2025-03-10T21:20:47.083+01:00  INFO 1624 --- [crm] [SpringApplicationShutdownHook] com.zaxxer.hikari.HikariDataSource       : HikariPool-1 - Shutdown initiated...
2025-03-10T21:20:47.086+01:00  INFO 1624 --- [crm] [SpringApplicationShutdownHook] com.zaxxer.hikari.HikariDataSource       : HikariPool-1 - Shutdown completed.
2025-03-10T22:06:18.647+01:00  INFO 736 --- [crm] [main] com.example.crm.Lab3ApplicationKt        : Starting Lab3ApplicationKt using Java 21.0.3 with PID 736 (C:\Users\drluc\WebApp2\Job-placement-services\crm\build\classes\kotlin\main started by drluc in C:\Users\drluc\WebApp2\Job-placement-services\crm)
2025-03-10T22:06:18.651+01:00 DEBUG 736 --- [crm] [main] com.example.crm.Lab3ApplicationKt        : Running with Spring Boot v3.2.4, Spring v6.1.5
2025-03-10T22:06:18.653+01:00  INFO 736 --- [crm] [main] com.example.crm.Lab3ApplicationKt        : No active profile set, falling back to 1 default profile: "default"
2025-03-10T22:06:18.820+01:00  INFO 736 --- [crm] [main] .s.b.d.c.l.DockerComposeLifecycleManager : Using Docker Compose file 'C:\Users\drluc\WebApp2\Job-placement-services\crm\compose.yml'
2025-03-10T22:06:21.114+01:00  INFO 736 --- [crm] [main] .s.b.d.c.l.DockerComposeLifecycleManager : There are already Docker Compose services running, skipping startup
2025-03-10T22:06:23.145+01:00  INFO 736 --- [crm] [main] .s.d.r.c.RepositoryConfigurationDelegate : Bootstrapping Spring Data JPA repositories in DEFAULT mode.
2025-03-10T22:06:23.250+01:00  INFO 736 --- [crm] [main] .s.d.r.c.RepositoryConfigurationDelegate : Finished Spring Data repository scanning in 96 ms. Found 11 JPA repository interfaces.
2025-03-10T22:06:23.904+01:00  INFO 736 --- [crm] [main] o.s.b.w.embedded.tomcat.TomcatWebServer  : Tomcat initialized with port 8082 (http)
2025-03-10T22:06:23.917+01:00  INFO 736 --- [crm] [main] o.apache.catalina.core.StandardService   : Starting service [Tomcat]
2025-03-10T22:06:23.918+01:00  INFO 736 --- [crm] [main] o.apache.catalina.core.StandardEngine    : Starting Servlet engine: [Apache Tomcat/10.1.19]
2025-03-10T22:06:23.983+01:00  INFO 736 --- [crm] [main] o.a.c.c.C.[Tomcat].[localhost].[/]       : Initializing Spring embedded WebApplicationContext
2025-03-10T22:06:23.984+01:00  INFO 736 --- [crm] [main] w.s.c.ServletWebServerApplicationContext : Root WebApplicationContext: initialization completed in 2031 ms
2025-03-10T22:06:24.082+01:00  INFO 736 --- [crm] [main] com.zaxxer.hikari.HikariDataSource       : HikariPool-1 - Starting...
2025-03-10T22:06:24.269+01:00  INFO 736 --- [crm] [main] com.zaxxer.hikari.pool.HikariPool        : HikariPool-1 - Added connection org.postgresql.jdbc.PgConnection@1815577b
2025-03-10T22:06:24.271+01:00  INFO 736 --- [crm] [main] com.zaxxer.hikari.HikariDataSource       : HikariPool-1 - Start completed.
2025-03-10T22:06:24.386+01:00  INFO 736 --- [crm] [main] o.hibernate.jpa.internal.util.LogHelper  : HHH000204: Processing PersistenceUnitInfo [name: default]
2025-03-10T22:06:24.496+01:00  INFO 736 --- [crm] [main] org.hibernate.Version                    : HHH000412: Hibernate ORM core version 6.4.4.Final
2025-03-10T22:06:24.542+01:00  INFO 736 --- [crm] [main] o.h.c.internal.RegionFactoryInitiator    : HHH000026: Second-level cache disabled
2025-03-10T22:06:24.890+01:00  INFO 736 --- [crm] [main] o.s.o.j.p.SpringPersistenceUnitInfo      : No LoadTimeWeaver setup: ignoring JPA class transformer
2025-03-10T22:06:25.529+01:00  WARN 736 --- [crm] [main] org.hibernate.mapping.RootClass          : HHH000038: Composite-id class does not override equals(): com.example.crm.entities.Application
2025-03-10T22:06:25.530+01:00  WARN 736 --- [crm] [main] org.hibernate.mapping.RootClass          : HHH000039: Composite-id class does not override hashCode(): com.example.crm.entities.Application
2025-03-10T22:06:26.359+01:00  INFO 736 --- [crm] [main] o.h.e.t.j.p.i.JtaPlatformInitiator       : HHH000489: No JTA platform available (set 'hibernate.transaction.jta.platform' to enable JTA platform integration)
2025-03-10T22:06:26.613+01:00  INFO 736 --- [crm] [main] j.LocalContainerEntityManagerFactoryBean : Initialized JPA EntityManagerFactory for persistence unit 'default'
2025-03-10T22:06:27.874+01:00  WARN 736 --- [crm] [main] JpaBaseConfiguration$JpaWebConfiguration : spring.jpa.open-in-view is enabled by default. Therefore, database queries may be performed during view rendering. Explicitly configure spring.jpa.open-in-view to disable this warning
2025-03-10T22:06:28.231+01:00  INFO 736 --- [crm] [main] o.s.s.web.DefaultSecurityFilterChain     : Will secure any request with [org.springframework.security.web.session.DisableEncodeUrlFilter@6e1a8e78, org.springframework.security.web.context.request.async.WebAsyncManagerIntegrationFilter@5a0c0680, org.springframework.security.web.context.SecurityContextHolderFilter@1a44ad96, org.springframework.security.web.header.HeaderWriterFilter@548e70f0, org.springframework.web.filter.CorsFilter@18d963be, org.springframework.security.web.authentication.logout.LogoutFilter@7955b4d4, org.springframework.security.web.savedrequest.RequestCacheAwareFilter@32ae890, org.springframework.security.web.servletapi.SecurityContextHolderAwareRequestFilter@45bb502f, org.springframework.security.web.authentication.AnonymousAuthenticationFilter@2d2697a8, org.springframework.security.web.session.SessionManagementFilter@62525579, org.springframework.security.web.access.ExceptionTranslationFilter@828e2d8, org.springframework.security.web.access.intercept.AuthorizationFilter@1cdbc986]
2025-03-10T22:06:28.482+01:00  INFO 736 --- [crm] [main] o.s.b.w.embedded.tomcat.TomcatWebServer  : Tomcat started on port 8082 (http) with context path ''
2025-03-10T22:06:28.490+01:00  INFO 736 --- [crm] [main] com.example.crm.Lab3ApplicationKt        : Started Lab3ApplicationKt in 10.606 seconds (process running for 11.439)
2025-03-10T22:06:53.183+01:00  INFO 736 --- [crm] [SpringApplicationShutdownHook] j.LocalContainerEntityManagerFactoryBean : Closing JPA EntityManagerFactory for persistence unit 'default'
2025-03-10T22:06:53.185+01:00  INFO 736 --- [crm] [SpringApplicationShutdownHook] com.zaxxer.hikari.HikariDataSource       : HikariPool-1 - Shutdown initiated...
2025-03-10T22:06:53.188+01:00  INFO 736 --- [crm] [SpringApplicationShutdownHook] com.zaxxer.hikari.HikariDataSource       : HikariPool-1 - Shutdown completed.
2025-03-10T22:23:51.983+01:00  INFO 20924 --- [crm] [main] com.example.crm.Lab3ApplicationKt        : Starting Lab3ApplicationKt using Java 21.0.3 with PID 20924 (C:\Users\drluc\WebApp2\Job-placement-services\crm\build\classes\kotlin\main started by drluc in C:\Users\drluc\WebApp2\Job-placement-services\crm)
2025-03-10T22:23:51.985+01:00 DEBUG 20924 --- [crm] [main] com.example.crm.Lab3ApplicationKt        : Running with Spring Boot v3.2.4, Spring v6.1.5
2025-03-10T22:23:51.985+01:00  INFO 20924 --- [crm] [main] com.example.crm.Lab3ApplicationKt        : No active profile set, falling back to 1 default profile: "default"
2025-03-10T22:23:52.059+01:00  INFO 20924 --- [crm] [main] .s.b.d.c.l.DockerComposeLifecycleManager : Using Docker Compose file 'C:\Users\drluc\WebApp2\Job-placement-services\crm\compose.yml'
2025-03-10T22:23:53.802+01:00  INFO 20924 --- [crm] [main] .s.b.d.c.l.DockerComposeLifecycleManager : There are already Docker Compose services running, skipping startup
2025-03-10T22:23:55.900+01:00  INFO 20924 --- [crm] [main] .s.d.r.c.RepositoryConfigurationDelegate : Bootstrapping Spring Data JPA repositories in DEFAULT mode.
2025-03-10T22:23:56.002+01:00  INFO 20924 --- [crm] [main] .s.d.r.c.RepositoryConfigurationDelegate : Finished Spring Data repository scanning in 92 ms. Found 11 JPA repository interfaces.
2025-03-10T22:23:56.910+01:00  INFO 20924 --- [crm] [main] o.s.b.w.embedded.tomcat.TomcatWebServer  : Tomcat initialized with port 8082 (http)
2025-03-10T22:23:56.924+01:00  INFO 20924 --- [crm] [main] o.apache.catalina.core.StandardService   : Starting service [Tomcat]
2025-03-10T22:23:56.924+01:00  INFO 20924 --- [crm] [main] o.apache.catalina.core.StandardEngine    : Starting Servlet engine: [Apache Tomcat/10.1.19]
2025-03-10T22:23:56.990+01:00  INFO 20924 --- [crm] [main] o.a.c.c.C.[Tomcat].[localhost].[/]       : Initializing Spring embedded WebApplicationContext
2025-03-10T22:23:56.991+01:00  INFO 20924 --- [crm] [main] w.s.c.ServletWebServerApplicationContext : Root WebApplicationContext: initialization completed in 2358 ms
2025-03-10T22:23:57.308+01:00  INFO 20924 --- [crm] [main] com.zaxxer.hikari.HikariDataSource       : HikariPool-1 - Starting...
2025-03-10T22:23:57.464+01:00  INFO 20924 --- [crm] [main] com.zaxxer.hikari.pool.HikariPool        : HikariPool-1 - Added connection org.postgresql.jdbc.PgConnection@15130002
2025-03-10T22:23:57.466+01:00  INFO 20924 --- [crm] [main] com.zaxxer.hikari.HikariDataSource       : HikariPool-1 - Start completed.
2025-03-10T22:23:57.584+01:00  INFO 20924 --- [crm] [main] o.hibernate.jpa.internal.util.LogHelper  : HHH000204: Processing PersistenceUnitInfo [name: default]
2025-03-10T22:23:57.679+01:00  INFO 20924 --- [crm] [main] org.hibernate.Version                    : HHH000412: Hibernate ORM core version 6.4.4.Final
2025-03-10T22:23:57.737+01:00  INFO 20924 --- [crm] [main] o.h.c.internal.RegionFactoryInitiator    : HHH000026: Second-level cache disabled
2025-03-10T22:23:58.098+01:00  INFO 20924 --- [crm] [main] o.s.o.j.p.SpringPersistenceUnitInfo      : No LoadTimeWeaver setup: ignoring JPA class transformer
2025-03-10T22:23:58.700+01:00  WARN 20924 --- [crm] [main] org.hibernate.mapping.RootClass          : HHH000038: Composite-id class does not override equals(): com.example.crm.entities.Application
2025-03-10T22:23:58.701+01:00  WARN 20924 --- [crm] [main] org.hibernate.mapping.RootClass          : HHH000039: Composite-id class does not override hashCode(): com.example.crm.entities.Application
2025-03-10T22:23:59.472+01:00  INFO 20924 --- [crm] [main] o.h.e.t.j.p.i.JtaPlatformInitiator       : HHH000489: No JTA platform available (set 'hibernate.transaction.jta.platform' to enable JTA platform integration)
2025-03-10T22:23:59.740+01:00  INFO 20924 --- [crm] [main] j.LocalContainerEntityManagerFactoryBean : Initialized JPA EntityManagerFactory for persistence unit 'default'
2025-03-10T22:24:01.114+01:00  WARN 20924 --- [crm] [main] JpaBaseConfiguration$JpaWebConfiguration : spring.jpa.open-in-view is enabled by default. Therefore, database queries may be performed during view rendering. Explicitly configure spring.jpa.open-in-view to disable this warning
2025-03-10T22:24:01.704+01:00  INFO 20924 --- [crm] [main] o.s.b.a.e.web.EndpointLinksResolver      : Exposing 4 endpoint(s) beneath base path '/actuator'
2025-03-10T22:24:01.779+01:00  INFO 20924 --- [crm] [main] o.s.s.web.DefaultSecurityFilterChain     : Will secure any request with [org.springframework.security.web.session.DisableEncodeUrlFilter@10bf2726, org.springframework.security.web.context.request.async.WebAsyncManagerIntegrationFilter@bb78f01, org.springframework.security.web.context.SecurityContextHolderFilter@3e272f0, org.springframework.security.web.header.HeaderWriterFilter@63cfd703, org.springframework.web.filter.CorsFilter@1caf77f6, org.springframework.security.web.authentication.logout.LogoutFilter@54cb2cee, org.springframework.security.web.savedrequest.RequestCacheAwareFilter@524032f9, org.springframework.security.web.servletapi.SecurityContextHolderAwareRequestFilter@48b1f8f5, org.springframework.security.web.authentication.AnonymousAuthenticationFilter@246f9fa8, org.springframework.security.web.session.SessionManagementFilter@55d607b, org.springframework.security.web.access.ExceptionTranslationFilter@41ebae0e, org.springframework.security.web.access.intercept.AuthorizationFilter@2fd2a6a4]
2025-03-10T22:24:02.326+01:00  INFO 20924 --- [crm] [main] o.s.b.w.embedded.tomcat.TomcatWebServer  : Tomcat started on port 8082 (http) with context path ''
2025-03-10T22:24:02.338+01:00  INFO 20924 --- [crm] [main] com.example.crm.Lab3ApplicationKt        : Started Lab3ApplicationKt in 10.848 seconds (process running for 11.584)
2025-03-10T22:24:02.541+01:00  INFO 20924 --- [crm] [RMI TCP Connection(2)-192.168.56.1] o.a.c.c.C.[Tomcat].[localhost].[/]       : Initializing Spring DispatcherServlet 'dispatcherServlet'
2025-03-10T22:24:02.542+01:00  INFO 20924 --- [crm] [RMI TCP Connection(2)-192.168.56.1] o.s.web.servlet.DispatcherServlet        : Initializing Servlet 'dispatcherServlet'
2025-03-10T22:24:02.545+01:00  INFO 20924 --- [crm] [RMI TCP Connection(2)-192.168.56.1] o.s.web.servlet.DispatcherServlet        : Completed initialization in 3 ms
2025-03-10T23:20:04.323+01:00  INFO 20924 --- [crm] [SpringApplicationShutdownHook] j.LocalContainerEntityManagerFactoryBean : Closing JPA EntityManagerFactory for persistence unit 'default'
2025-03-10T23:20:04.373+01:00  INFO 20924 --- [crm] [SpringApplicationShutdownHook] com.zaxxer.hikari.HikariDataSource       : HikariPool-1 - Shutdown initiated...
2025-03-10T23:20:04.396+01:00  INFO 20924 --- [crm] [SpringApplicationShutdownHook] com.zaxxer.hikari.HikariDataSource       : HikariPool-1 - Shutdown completed.
