2024-11-12T14:15:21.998+01:00  INFO 9328 --- [document_store] [main] c.e.d.DocumentStoreApplicationKt         : Starting DocumentStoreApplicationKt using Java 21.0.2 with PID 9328 (C:\Users\maxim\Desktop\Polito\2° Anno\2°Semestre\Web Application II\Laboratori\lab5-g29\document_store\build\classes\kotlin\main started by maxim in C:\Users\maxim\Desktop\Polito\2° Anno\2°Semestre\Web Application II\Laboratori\lab5-g29)
2024-11-12T14:15:22.002+01:00 DEBUG 9328 --- [document_store] [main] c.e.d.DocumentStoreApplicationKt         : Running with Spring Boot v3.2.4, Spring v6.1.5
2024-11-12T14:15:22.004+01:00  INFO 9328 --- [document_store] [main] c.e.d.DocumentStoreApplicationKt         : No active profile set, falling back to 1 default profile: "default"
2024-11-12T14:15:23.212+01:00 ERROR 9328 --- [document_store] [main] o.s.boot.SpringApplication               : Application run failed

java.lang.IllegalStateException: No Docker Compose file found in directory 'C:\Users\maxim\Desktop\Polito\2° Anno\2°Semestre\Web Application II\Laboratori\lab5-g29\.'
	at org.springframework.util.Assert.state(Assert.java:97) ~[spring-core-6.1.5.jar:6.1.5]
	at org.springframework.boot.docker.compose.lifecycle.DockerComposeLifecycleManager.getComposeFile(DockerComposeLifecycleManager.java:147) ~[spring-boot-docker-compose-3.2.4.jar:3.2.4]
	at org.springframework.boot.docker.compose.lifecycle.DockerComposeLifecycleManager.start(DockerComposeLifecycleManager.java:108) ~[spring-boot-docker-compose-3.2.4.jar:3.2.4]
	at org.springframework.boot.docker.compose.lifecycle.DockerComposeListener.onApplicationEvent(DockerComposeListener.java:53) ~[spring-boot-docker-compose-3.2.4.jar:3.2.4]
	at org.springframework.boot.docker.compose.lifecycle.DockerComposeListener.onApplicationEvent(DockerComposeListener.java:35) ~[spring-boot-docker-compose-3.2.4.jar:3.2.4]
	at org.springframework.context.event.SimpleApplicationEventMulticaster.doInvokeListener(SimpleApplicationEventMulticaster.java:185) ~[spring-context-6.1.5.jar:6.1.5]
	at org.springframework.context.event.SimpleApplicationEventMulticaster.invokeListener(SimpleApplicationEventMulticaster.java:178) ~[spring-context-6.1.5.jar:6.1.5]
	at org.springframework.context.event.SimpleApplicationEventMulticaster.multicastEvent(SimpleApplicationEventMulticaster.java:156) ~[spring-context-6.1.5.jar:6.1.5]
	at org.springframework.context.event.SimpleApplicationEventMulticaster.multicastEvent(SimpleApplicationEventMulticaster.java:138) ~[spring-context-6.1.5.jar:6.1.5]
	at org.springframework.boot.context.event.EventPublishingRunListener.multicastInitialEvent(EventPublishingRunListener.java:136) ~[spring-boot-3.2.4.jar:3.2.4]
	at org.springframework.boot.context.event.EventPublishingRunListener.contextLoaded(EventPublishingRunListener.java:98) ~[spring-boot-3.2.4.jar:3.2.4]
	at org.springframework.boot.SpringApplicationRunListeners.lambda$contextLoaded$4(SpringApplicationRunListeners.java:72) ~[spring-boot-3.2.4.jar:3.2.4]
	at java.base/java.lang.Iterable.forEach(Iterable.java:75) ~[na:na]
	at org.springframework.boot.SpringApplicationRunListeners.doWithListeners(SpringApplicationRunListeners.java:118) ~[spring-boot-3.2.4.jar:3.2.4]
	at org.springframework.boot.SpringApplicationRunListeners.doWithListeners(SpringApplicationRunListeners.java:112) ~[spring-boot-3.2.4.jar:3.2.4]
	at org.springframework.boot.SpringApplicationRunListeners.contextLoaded(SpringApplicationRunListeners.java:72) ~[spring-boot-3.2.4.jar:3.2.4]
	at org.springframework.boot.SpringApplication.prepareContext(SpringApplication.java:432) ~[spring-boot-3.2.4.jar:3.2.4]
	at org.springframework.boot.SpringApplication.run(SpringApplication.java:333) ~[spring-boot-3.2.4.jar:3.2.4]
	at org.springframework.boot.SpringApplication.run(SpringApplication.java:1354) ~[spring-boot-3.2.4.jar:3.2.4]
	at org.springframework.boot.SpringApplication.run(SpringApplication.java:1343) ~[spring-boot-3.2.4.jar:3.2.4]
	at com.example.document_store.DocumentStoreApplicationKt.main(DocumentStoreApplication.kt:13) ~[main/:na]

2024-11-12T14:15:56.914+01:00  INFO 53544 --- [document_store] [main] c.e.d.DocumentStoreApplicationKt         : Starting DocumentStoreApplicationKt using Java 21.0.2 with PID 53544 (C:\Users\maxim\Desktop\Polito\2° Anno\2°Semestre\Web Application II\Laboratori\lab5-g29\document_store\build\classes\kotlin\main started by maxim in C:\Users\maxim\Desktop\Polito\2° Anno\2°Semestre\Web Application II\Laboratori\lab5-g29)
2024-11-12T14:15:56.916+01:00 DEBUG 53544 --- [document_store] [main] c.e.d.DocumentStoreApplicationKt         : Running with Spring Boot v3.2.4, Spring v6.1.5
2024-11-12T14:15:56.917+01:00  INFO 53544 --- [document_store] [main] c.e.d.DocumentStoreApplicationKt         : No active profile set, falling back to 1 default profile: "default"
2024-11-12T14:15:57.772+01:00 ERROR 53544 --- [document_store] [main] o.s.boot.SpringApplication               : Application run failed

java.lang.IllegalStateException: No Docker Compose file found in directory 'C:\Users\maxim\Desktop\Polito\2° Anno\2°Semestre\Web Application II\Laboratori\lab5-g29\.'
	at org.springframework.util.Assert.state(Assert.java:97) ~[spring-core-6.1.5.jar:6.1.5]
	at org.springframework.boot.docker.compose.lifecycle.DockerComposeLifecycleManager.getComposeFile(DockerComposeLifecycleManager.java:147) ~[spring-boot-docker-compose-3.2.4.jar:3.2.4]
	at org.springframework.boot.docker.compose.lifecycle.DockerComposeLifecycleManager.start(DockerComposeLifecycleManager.java:108) ~[spring-boot-docker-compose-3.2.4.jar:3.2.4]
	at org.springframework.boot.docker.compose.lifecycle.DockerComposeListener.onApplicationEvent(DockerComposeListener.java:53) ~[spring-boot-docker-compose-3.2.4.jar:3.2.4]
	at org.springframework.boot.docker.compose.lifecycle.DockerComposeListener.onApplicationEvent(DockerComposeListener.java:35) ~[spring-boot-docker-compose-3.2.4.jar:3.2.4]
	at org.springframework.context.event.SimpleApplicationEventMulticaster.doInvokeListener(SimpleApplicationEventMulticaster.java:185) ~[spring-context-6.1.5.jar:6.1.5]
	at org.springframework.context.event.SimpleApplicationEventMulticaster.invokeListener(SimpleApplicationEventMulticaster.java:178) ~[spring-context-6.1.5.jar:6.1.5]
	at org.springframework.context.event.SimpleApplicationEventMulticaster.multicastEvent(SimpleApplicationEventMulticaster.java:156) ~[spring-context-6.1.5.jar:6.1.5]
	at org.springframework.context.event.SimpleApplicationEventMulticaster.multicastEvent(SimpleApplicationEventMulticaster.java:138) ~[spring-context-6.1.5.jar:6.1.5]
	at org.springframework.boot.context.event.EventPublishingRunListener.multicastInitialEvent(EventPublishingRunListener.java:136) ~[spring-boot-3.2.4.jar:3.2.4]
	at org.springframework.boot.context.event.EventPublishingRunListener.contextLoaded(EventPublishingRunListener.java:98) ~[spring-boot-3.2.4.jar:3.2.4]
	at org.springframework.boot.SpringApplicationRunListeners.lambda$contextLoaded$4(SpringApplicationRunListeners.java:72) ~[spring-boot-3.2.4.jar:3.2.4]
	at java.base/java.lang.Iterable.forEach(Iterable.java:75) ~[na:na]
	at org.springframework.boot.SpringApplicationRunListeners.doWithListeners(SpringApplicationRunListeners.java:118) ~[spring-boot-3.2.4.jar:3.2.4]
	at org.springframework.boot.SpringApplicationRunListeners.doWithListeners(SpringApplicationRunListeners.java:112) ~[spring-boot-3.2.4.jar:3.2.4]
	at org.springframework.boot.SpringApplicationRunListeners.contextLoaded(SpringApplicationRunListeners.java:72) ~[spring-boot-3.2.4.jar:3.2.4]
	at org.springframework.boot.SpringApplication.prepareContext(SpringApplication.java:432) ~[spring-boot-3.2.4.jar:3.2.4]
	at org.springframework.boot.SpringApplication.run(SpringApplication.java:333) ~[spring-boot-3.2.4.jar:3.2.4]
	at org.springframework.boot.SpringApplication.run(SpringApplication.java:1354) ~[spring-boot-3.2.4.jar:3.2.4]
	at org.springframework.boot.SpringApplication.run(SpringApplication.java:1343) ~[spring-boot-3.2.4.jar:3.2.4]
	at com.example.document_store.DocumentStoreApplicationKt.main(DocumentStoreApplication.kt:13) ~[main/:na]

2024-11-12T14:16:12.648+01:00  INFO 41824 --- [document_store] [main] c.e.d.DocumentStoreApplicationKt         : Starting DocumentStoreApplicationKt using Java 21.0.2 with PID 41824 (C:\Users\maxim\Desktop\Polito\2° Anno\2°Semestre\Web Application II\Laboratori\lab5-g29\document_store\build\classes\kotlin\main started by maxim in C:\Users\maxim\Desktop\Polito\2° Anno\2°Semestre\Web Application II\Laboratori\lab5-g29)
2024-11-12T14:16:12.649+01:00 DEBUG 41824 --- [document_store] [main] c.e.d.DocumentStoreApplicationKt         : Running with Spring Boot v3.2.4, Spring v6.1.5
2024-11-12T14:16:12.650+01:00  INFO 41824 --- [document_store] [main] c.e.d.DocumentStoreApplicationKt         : No active profile set, falling back to 1 default profile: "default"
2024-11-12T14:16:13.498+01:00 ERROR 41824 --- [document_store] [main] o.s.boot.SpringApplication               : Application run failed

java.lang.IllegalStateException: No Docker Compose file found in directory 'C:\Users\maxim\Desktop\Polito\2° Anno\2°Semestre\Web Application II\Laboratori\lab5-g29\.'
	at org.springframework.util.Assert.state(Assert.java:97) ~[spring-core-6.1.5.jar:6.1.5]
	at org.springframework.boot.docker.compose.lifecycle.DockerComposeLifecycleManager.getComposeFile(DockerComposeLifecycleManager.java:147) ~[spring-boot-docker-compose-3.2.4.jar:3.2.4]
	at org.springframework.boot.docker.compose.lifecycle.DockerComposeLifecycleManager.start(DockerComposeLifecycleManager.java:108) ~[spring-boot-docker-compose-3.2.4.jar:3.2.4]
	at org.springframework.boot.docker.compose.lifecycle.DockerComposeListener.onApplicationEvent(DockerComposeListener.java:53) ~[spring-boot-docker-compose-3.2.4.jar:3.2.4]
	at org.springframework.boot.docker.compose.lifecycle.DockerComposeListener.onApplicationEvent(DockerComposeListener.java:35) ~[spring-boot-docker-compose-3.2.4.jar:3.2.4]
	at org.springframework.context.event.SimpleApplicationEventMulticaster.doInvokeListener(SimpleApplicationEventMulticaster.java:185) ~[spring-context-6.1.5.jar:6.1.5]
	at org.springframework.context.event.SimpleApplicationEventMulticaster.invokeListener(SimpleApplicationEventMulticaster.java:178) ~[spring-context-6.1.5.jar:6.1.5]
	at org.springframework.context.event.SimpleApplicationEventMulticaster.multicastEvent(SimpleApplicationEventMulticaster.java:156) ~[spring-context-6.1.5.jar:6.1.5]
	at org.springframework.context.event.SimpleApplicationEventMulticaster.multicastEvent(SimpleApplicationEventMulticaster.java:138) ~[spring-context-6.1.5.jar:6.1.5]
	at org.springframework.boot.context.event.EventPublishingRunListener.multicastInitialEvent(EventPublishingRunListener.java:136) ~[spring-boot-3.2.4.jar:3.2.4]
	at org.springframework.boot.context.event.EventPublishingRunListener.contextLoaded(EventPublishingRunListener.java:98) ~[spring-boot-3.2.4.jar:3.2.4]
	at org.springframework.boot.SpringApplicationRunListeners.lambda$contextLoaded$4(SpringApplicationRunListeners.java:72) ~[spring-boot-3.2.4.jar:3.2.4]
	at java.base/java.lang.Iterable.forEach(Iterable.java:75) ~[na:na]
	at org.springframework.boot.SpringApplicationRunListeners.doWithListeners(SpringApplicationRunListeners.java:118) ~[spring-boot-3.2.4.jar:3.2.4]
	at org.springframework.boot.SpringApplicationRunListeners.doWithListeners(SpringApplicationRunListeners.java:112) ~[spring-boot-3.2.4.jar:3.2.4]
	at org.springframework.boot.SpringApplicationRunListeners.contextLoaded(SpringApplicationRunListeners.java:72) ~[spring-boot-3.2.4.jar:3.2.4]
	at org.springframework.boot.SpringApplication.prepareContext(SpringApplication.java:432) ~[spring-boot-3.2.4.jar:3.2.4]
	at org.springframework.boot.SpringApplication.run(SpringApplication.java:333) ~[spring-boot-3.2.4.jar:3.2.4]
	at org.springframework.boot.SpringApplication.run(SpringApplication.java:1354) ~[spring-boot-3.2.4.jar:3.2.4]
	at org.springframework.boot.SpringApplication.run(SpringApplication.java:1343) ~[spring-boot-3.2.4.jar:3.2.4]
	at com.example.document_store.DocumentStoreApplicationKt.main(DocumentStoreApplication.kt:13) ~[main/:na]

