2024-06-13T00:12:31.283+02:00  INFO 9316 --- [document_store] [main] c.e.d.DocumentStoreApplicationKt         : Starting DocumentStoreApplicationKt using Java 21.0.2 with PID 9316 (C:\Users\maxim\Desktop\Polito\2° Anno\2°Semestre\Web Application II\Laboratori\lab5-g29\document_store\build\classes\kotlin\main started by maxim in C:\Users\maxim\Desktop\Polito\2° Anno\2°Semestre\Web Application II\Laboratori\lab5-g29\document_store)
2024-06-13T00:12:31.294+02:00 DEBUG 9316 --- [document_store] [main] c.e.d.DocumentStoreApplicationKt         : Running with Spring Boot v3.2.4, Spring v6.1.5
2024-06-13T00:12:31.296+02:00  INFO 9316 --- [document_store] [main] c.e.d.DocumentStoreApplicationKt         : No active profile set, falling back to 1 default profile: "default"
2024-06-13T00:12:31.378+02:00  INFO 9316 --- [document_store] [main] .s.b.d.c.l.DockerComposeLifecycleManager : Using Docker Compose file 'C:\Users\maxim\Desktop\Polito\2° Anno\2°Semestre\Web Application II\Laboratori\lab5-g29\document_store\compose.yaml'
2024-06-13T00:12:33.397+02:00  INFO 9316 --- [document_store] [OutputReader-stderr] o.s.boot.docker.compose.core.DockerCli   :  Network document_store_default  Creating
2024-06-13T00:12:33.620+02:00  INFO 9316 --- [document_store] [OutputReader-stderr] o.s.boot.docker.compose.core.DockerCli   :  Network document_store_default  Created
2024-06-13T00:12:33.624+02:00  INFO 9316 --- [document_store] [OutputReader-stderr] o.s.boot.docker.compose.core.DockerCli   :  Container document_store-postgres-1  Creating
2024-06-13T00:12:34.078+02:00  INFO 9316 --- [document_store] [OutputReader-stderr] o.s.boot.docker.compose.core.DockerCli   :  Container document_store-postgres-1  Created
2024-06-13T00:12:34.083+02:00  INFO 9316 --- [document_store] [OutputReader-stderr] o.s.boot.docker.compose.core.DockerCli   :  Container document_store-postgres-1  Starting
2024-06-13T00:12:35.330+02:00  INFO 9316 --- [document_store] [OutputReader-stderr] o.s.boot.docker.compose.core.DockerCli   :  Container document_store-postgres-1  Started
2024-06-13T00:12:35.331+02:00  INFO 9316 --- [document_store] [OutputReader-stderr] o.s.boot.docker.compose.core.DockerCli   :  Container document_store-postgres-1  Waiting
2024-06-13T00:12:35.981+02:00  INFO 9316 --- [document_store] [OutputReader-stderr] o.s.boot.docker.compose.core.DockerCli   :  Container document_store-postgres-1  Healthy
2024-06-13T00:12:41.609+02:00  INFO 9316 --- [document_store] [main] .s.d.r.c.RepositoryConfigurationDelegate : Bootstrapping Spring Data JPA repositories in DEFAULT mode.
2024-06-13T00:12:41.672+02:00  INFO 9316 --- [document_store] [main] .s.d.r.c.RepositoryConfigurationDelegate : Finished Spring Data repository scanning in 49 ms. Found 2 JPA repository interfaces.
2024-06-13T00:12:42.177+02:00  INFO 9316 --- [document_store] [main] o.s.b.w.embedded.tomcat.TomcatWebServer  : Tomcat initialized with port 8081 (http)
2024-06-13T00:12:42.198+02:00  INFO 9316 --- [document_store] [main] o.apache.catalina.core.StandardService   : Starting service [Tomcat]
2024-06-13T00:12:42.199+02:00  INFO 9316 --- [document_store] [main] o.apache.catalina.core.StandardEngine    : Starting Servlet engine: [Apache Tomcat/10.1.19]
2024-06-13T00:12:42.254+02:00  INFO 9316 --- [document_store] [main] o.a.c.c.C.[Tomcat].[localhost].[/]       : Initializing Spring embedded WebApplicationContext
2024-06-13T00:12:42.254+02:00  INFO 9316 --- [document_store] [main] w.s.c.ServletWebServerApplicationContext : Root WebApplicationContext: initialization completed in 1316 ms
2024-06-13T00:12:42.418+02:00  INFO 9316 --- [document_store] [main] o.hibernate.jpa.internal.util.LogHelper  : HHH000204: Processing PersistenceUnitInfo [name: default]
2024-06-13T00:12:42.494+02:00  INFO 9316 --- [document_store] [main] org.hibernate.Version                    : HHH000412: Hibernate ORM core version 6.4.4.Final
2024-06-13T00:12:42.541+02:00  INFO 9316 --- [document_store] [main] o.h.c.internal.RegionFactoryInitiator    : HHH000026: Second-level cache disabled
2024-06-13T00:12:42.813+02:00  INFO 9316 --- [document_store] [main] o.s.o.j.p.SpringPersistenceUnitInfo      : No LoadTimeWeaver setup: ignoring JPA class transformer
2024-06-13T00:12:42.832+02:00  INFO 9316 --- [document_store] [main] com.zaxxer.hikari.HikariDataSource       : HikariPool-1 - Starting...
2024-06-13T00:12:43.028+02:00  INFO 9316 --- [document_store] [main] com.zaxxer.hikari.pool.HikariPool        : HikariPool-1 - Added connection org.postgresql.jdbc.PgConnection@5bd3ca3c
2024-06-13T00:12:43.029+02:00  INFO 9316 --- [document_store] [main] com.zaxxer.hikari.HikariDataSource       : HikariPool-1 - Start completed.
2024-06-13T00:12:43.975+02:00  INFO 9316 --- [document_store] [main] o.h.e.t.j.p.i.JtaPlatformInitiator       : HHH000489: No JTA platform available (set 'hibernate.transaction.jta.platform' to enable JTA platform integration)
2024-06-13T00:12:44.086+02:00  INFO 9316 --- [document_store] [main] j.LocalContainerEntityManagerFactoryBean : Initialized JPA EntityManagerFactory for persistence unit 'default'
2024-06-13T00:12:44.708+02:00  WARN 9316 --- [document_store] [main] JpaBaseConfiguration$JpaWebConfiguration : spring.jpa.open-in-view is enabled by default. Therefore, database queries may be performed during view rendering. Explicitly configure spring.jpa.open-in-view to disable this warning
2024-06-13T00:12:44.973+02:00  INFO 9316 --- [document_store] [main] o.s.s.web.DefaultSecurityFilterChain     : Will secure any request with [org.springframework.security.web.session.DisableEncodeUrlFilter@cc3fc5c, org.springframework.security.web.context.request.async.WebAsyncManagerIntegrationFilter@2aac60b, org.springframework.security.web.context.SecurityContextHolderFilter@298cfe89, org.springframework.security.web.header.HeaderWriterFilter@27f6e2c3, org.springframework.security.web.authentication.logout.LogoutFilter@4d1f6e1c, org.springframework.security.oauth2.server.resource.web.authentication.BearerTokenAuthenticationFilter@2b27d5d3, org.springframework.security.web.savedrequest.RequestCacheAwareFilter@49522bdf, org.springframework.security.web.servletapi.SecurityContextHolderAwareRequestFilter@77587422, org.springframework.security.web.authentication.AnonymousAuthenticationFilter@173602c0, org.springframework.security.web.session.SessionManagementFilter@546ca9da, org.springframework.security.web.access.ExceptionTranslationFilter@1fa8a4f7, org.springframework.security.web.access.intercept.AuthorizationFilter@1f41f259]
2024-06-13T00:12:45.189+02:00  INFO 9316 --- [document_store] [main] o.s.b.w.embedded.tomcat.TomcatWebServer  : Tomcat started on port 8081 (http) with context path ''
2024-06-13T00:12:45.189+02:00  INFO 9316 --- [document_store] [main] c.e.d.DocumentStoreApplicationKt         : Started DocumentStoreApplicationKt in 14.403 seconds (process running for 15.289)
2024-06-13T00:13:07.892+02:00  INFO 9316 --- [document_store] [http-nio-8081-exec-1] o.a.c.c.C.[Tomcat].[localhost].[/]       : Initializing Spring DispatcherServlet 'dispatcherServlet'
2024-06-13T00:13:07.893+02:00  INFO 9316 --- [document_store] [http-nio-8081-exec-1] o.s.web.servlet.DispatcherServlet        : Initializing Servlet 'dispatcherServlet'
2024-06-13T00:13:07.894+02:00  INFO 9316 --- [document_store] [http-nio-8081-exec-1] o.s.web.servlet.DispatcherServlet        : Completed initialization in 0 ms
2024-06-13T00:13:08.096+02:00  INFO 9316 --- [document_store] [http-nio-8081-exec-1] c.e.d.services.DocumentServices          : Document fetched successfully
2024-06-13T00:13:14.399+02:00  INFO 9316 --- [document_store] [SpringApplicationShutdownHook] j.LocalContainerEntityManagerFactoryBean : Closing JPA EntityManagerFactory for persistence unit 'default'
2024-06-13T00:13:14.399+02:00  INFO 9316 --- [document_store] [SpringApplicationShutdownHook] com.zaxxer.hikari.HikariDataSource       : HikariPool-1 - Shutdown initiated...
2024-06-13T00:13:14.417+02:00  INFO 9316 --- [document_store] [SpringApplicationShutdownHook] com.zaxxer.hikari.HikariDataSource       : HikariPool-1 - Shutdown completed.
2024-06-13T00:13:40.931+02:00  INFO 2064 --- [document_store] [main] c.e.d.DocumentStoreApplicationKt         : Starting DocumentStoreApplicationKt using Java 21.0.2 with PID 2064 (C:\Users\maxim\Desktop\Polito\2° Anno\2°Semestre\Web Application II\Laboratori\lab5-g29\document_store\build\classes\kotlin\main started by maxim in C:\Users\maxim\Desktop\Polito\2° Anno\2°Semestre\Web Application II\Laboratori\lab5-g29\document_store)
2024-06-13T00:13:40.932+02:00 DEBUG 2064 --- [document_store] [main] c.e.d.DocumentStoreApplicationKt         : Running with Spring Boot v3.2.4, Spring v6.1.5
2024-06-13T00:13:40.933+02:00  INFO 2064 --- [document_store] [main] c.e.d.DocumentStoreApplicationKt         : No active profile set, falling back to 1 default profile: "default"
2024-06-13T00:13:41.009+02:00  INFO 2064 --- [document_store] [main] .s.b.d.c.l.DockerComposeLifecycleManager : Using Docker Compose file 'C:\Users\maxim\Desktop\Polito\2° Anno\2°Semestre\Web Application II\Laboratori\lab5-g29\document_store\compose.yaml'
2024-06-13T00:13:42.665+02:00  INFO 2064 --- [document_store] [OutputReader-stderr] o.s.boot.docker.compose.core.DockerCli   :  Network document_store_default  Creating
2024-06-13T00:13:42.722+02:00  INFO 2064 --- [document_store] [OutputReader-stderr] o.s.boot.docker.compose.core.DockerCli   :  Network document_store_default  Created
2024-06-13T00:13:42.723+02:00  INFO 2064 --- [document_store] [OutputReader-stderr] o.s.boot.docker.compose.core.DockerCli   :  Container document_store-postgres-1  Creating
2024-06-13T00:13:42.858+02:00  INFO 2064 --- [document_store] [OutputReader-stderr] o.s.boot.docker.compose.core.DockerCli   :  Container document_store-postgres-1  Created
2024-06-13T00:13:42.865+02:00  INFO 2064 --- [document_store] [OutputReader-stderr] o.s.boot.docker.compose.core.DockerCli   :  Container document_store-postgres-1  Starting
2024-06-13T00:13:43.424+02:00  INFO 2064 --- [document_store] [OutputReader-stderr] o.s.boot.docker.compose.core.DockerCli   :  Container document_store-postgres-1  Started
2024-06-13T00:13:43.425+02:00  INFO 2064 --- [document_store] [OutputReader-stderr] o.s.boot.docker.compose.core.DockerCli   :  Container document_store-postgres-1  Waiting
2024-06-13T00:13:43.939+02:00  INFO 2064 --- [document_store] [OutputReader-stderr] o.s.boot.docker.compose.core.DockerCli   :  Container document_store-postgres-1  Healthy
2024-06-13T00:14:31.415+02:00  INFO 7816 --- [document_store] [main] c.e.d.DocumentStoreApplicationKt         : Starting DocumentStoreApplicationKt using Java 21.0.2 with PID 7816 (C:\Users\maxim\Desktop\Polito\2° Anno\2°Semestre\Web Application II\Laboratori\lab5-g29\document_store\build\classes\kotlin\main started by maxim in C:\Users\maxim\Desktop\Polito\2° Anno\2°Semestre\Web Application II\Laboratori\lab5-g29\document_store)
2024-06-13T00:14:31.416+02:00 DEBUG 7816 --- [document_store] [main] c.e.d.DocumentStoreApplicationKt         : Running with Spring Boot v3.2.4, Spring v6.1.5
2024-06-13T00:14:31.417+02:00  INFO 7816 --- [document_store] [main] c.e.d.DocumentStoreApplicationKt         : No active profile set, falling back to 1 default profile: "default"
2024-06-13T00:14:31.498+02:00  INFO 7816 --- [document_store] [main] .s.b.d.c.l.DockerComposeLifecycleManager : Using Docker Compose file 'C:\Users\maxim\Desktop\Polito\2° Anno\2°Semestre\Web Application II\Laboratori\lab5-g29\document_store\compose.yaml'
2024-06-13T00:14:32.814+02:00  INFO 7816 --- [document_store] [main] .s.b.d.c.l.DockerComposeLifecycleManager : There are already Docker Compose services running, skipping startup
2024-06-13T00:14:59.912+02:00  INFO 8520 --- [document_store] [main] c.e.d.DocumentStoreApplicationKt         : Starting DocumentStoreApplicationKt using Java 21.0.2 with PID 8520 (C:\Users\maxim\Desktop\Polito\2° Anno\2°Semestre\Web Application II\Laboratori\lab5-g29\document_store\build\classes\kotlin\main started by maxim in C:\Users\maxim\Desktop\Polito\2° Anno\2°Semestre\Web Application II\Laboratori\lab5-g29\document_store)
2024-06-13T00:14:59.914+02:00 DEBUG 8520 --- [document_store] [main] c.e.d.DocumentStoreApplicationKt         : Running with Spring Boot v3.2.4, Spring v6.1.5
2024-06-13T00:14:59.915+02:00  INFO 8520 --- [document_store] [main] c.e.d.DocumentStoreApplicationKt         : No active profile set, falling back to 1 default profile: "default"
2024-06-13T00:14:59.996+02:00  INFO 8520 --- [document_store] [main] .s.b.d.c.l.DockerComposeLifecycleManager : Using Docker Compose file 'C:\Users\maxim\Desktop\Polito\2° Anno\2°Semestre\Web Application II\Laboratori\lab5-g29\document_store\compose.yaml'
2024-06-13T00:15:01.426+02:00  INFO 8520 --- [document_store] [main] .s.b.d.c.l.DockerComposeLifecycleManager : There are already Docker Compose services running, skipping startup
2024-06-13T00:15:29.442+02:00  INFO 2444 --- [document_store] [main] c.e.d.DocumentStoreApplicationKt         : Starting DocumentStoreApplicationKt using Java 21.0.2 with PID 2444 (C:\Users\maxim\Desktop\Polito\2° Anno\2°Semestre\Web Application II\Laboratori\lab5-g29\document_store\build\classes\kotlin\main started by maxim in C:\Users\maxim\Desktop\Polito\2° Anno\2°Semestre\Web Application II\Laboratori\lab5-g29\document_store)
2024-06-13T00:15:29.444+02:00 DEBUG 2444 --- [document_store] [main] c.e.d.DocumentStoreApplicationKt         : Running with Spring Boot v3.2.4, Spring v6.1.5
2024-06-13T00:15:29.444+02:00  INFO 2444 --- [document_store] [main] c.e.d.DocumentStoreApplicationKt         : No active profile set, falling back to 1 default profile: "default"
2024-06-13T00:15:29.520+02:00  INFO 2444 --- [document_store] [main] .s.b.d.c.l.DockerComposeLifecycleManager : Using Docker Compose file 'C:\Users\maxim\Desktop\Polito\2° Anno\2°Semestre\Web Application II\Laboratori\lab5-g29\document_store\compose.yaml'
2024-06-13T00:15:30.817+02:00  INFO 2444 --- [document_store] [OutputReader-stderr] o.s.boot.docker.compose.core.DockerCli   :  Network document_store_default  Creating
2024-06-13T00:15:30.869+02:00  INFO 2444 --- [document_store] [OutputReader-stderr] o.s.boot.docker.compose.core.DockerCli   :  Network document_store_default  Created
2024-06-13T00:15:30.871+02:00  INFO 2444 --- [document_store] [OutputReader-stderr] o.s.boot.docker.compose.core.DockerCli   :  Container document_store-postgres-1  Creating
2024-06-13T00:15:31.015+02:00  INFO 2444 --- [document_store] [OutputReader-stderr] o.s.boot.docker.compose.core.DockerCli   :  Container document_store-postgres-1  Created
2024-06-13T00:15:31.021+02:00  INFO 2444 --- [document_store] [OutputReader-stderr] o.s.boot.docker.compose.core.DockerCli   :  Container document_store-postgres-1  Starting
2024-06-13T00:15:31.493+02:00  INFO 2444 --- [document_store] [OutputReader-stderr] o.s.boot.docker.compose.core.DockerCli   :  Container document_store-postgres-1  Started
2024-06-13T00:15:31.495+02:00  INFO 2444 --- [document_store] [OutputReader-stderr] o.s.boot.docker.compose.core.DockerCli   :  Container document_store-postgres-1  Waiting
2024-06-13T00:15:32.014+02:00  INFO 2444 --- [document_store] [OutputReader-stderr] o.s.boot.docker.compose.core.DockerCli   :  Container document_store-postgres-1  Healthy
2024-06-13T00:15:34.507+02:00  INFO 2444 --- [document_store] [main] .s.d.r.c.RepositoryConfigurationDelegate : Bootstrapping Spring Data JPA repositories in DEFAULT mode.
2024-06-13T00:15:34.564+02:00  INFO 2444 --- [document_store] [main] .s.d.r.c.RepositoryConfigurationDelegate : Finished Spring Data repository scanning in 48 ms. Found 2 JPA repository interfaces.
2024-06-13T00:15:35.065+02:00  INFO 2444 --- [document_store] [main] o.s.b.w.embedded.tomcat.TomcatWebServer  : Tomcat initialized with port 8081 (http)
2024-06-13T00:15:35.075+02:00  INFO 2444 --- [document_store] [main] o.apache.catalina.core.StandardService   : Starting service [Tomcat]
2024-06-13T00:15:35.076+02:00  INFO 2444 --- [document_store] [main] o.apache.catalina.core.StandardEngine    : Starting Servlet engine: [Apache Tomcat/10.1.19]
2024-06-13T00:15:35.129+02:00  INFO 2444 --- [document_store] [main] o.a.c.c.C.[Tomcat].[localhost].[/]       : Initializing Spring embedded WebApplicationContext
2024-06-13T00:15:35.129+02:00  INFO 2444 --- [document_store] [main] w.s.c.ServletWebServerApplicationContext : Root WebApplicationContext: initialization completed in 1272 ms
2024-06-13T00:15:35.271+02:00  INFO 2444 --- [document_store] [main] o.hibernate.jpa.internal.util.LogHelper  : HHH000204: Processing PersistenceUnitInfo [name: default]
2024-06-13T00:15:35.347+02:00  INFO 2444 --- [document_store] [main] org.hibernate.Version                    : HHH000412: Hibernate ORM core version 6.4.4.Final
2024-06-13T00:15:35.382+02:00  INFO 2444 --- [document_store] [main] o.h.c.internal.RegionFactoryInitiator    : HHH000026: Second-level cache disabled
2024-06-13T00:15:35.635+02:00  INFO 2444 --- [document_store] [main] o.s.o.j.p.SpringPersistenceUnitInfo      : No LoadTimeWeaver setup: ignoring JPA class transformer
2024-06-13T00:15:35.666+02:00  INFO 2444 --- [document_store] [main] com.zaxxer.hikari.HikariDataSource       : HikariPool-1 - Starting...
2024-06-13T00:15:35.806+02:00  INFO 2444 --- [document_store] [main] com.zaxxer.hikari.pool.HikariPool        : HikariPool-1 - Added connection org.postgresql.jdbc.PgConnection@5fb44964
2024-06-13T00:15:35.807+02:00  INFO 2444 --- [document_store] [main] com.zaxxer.hikari.HikariDataSource       : HikariPool-1 - Start completed.
2024-06-13T00:15:36.716+02:00  INFO 2444 --- [document_store] [main] o.h.e.t.j.p.i.JtaPlatformInitiator       : HHH000489: No JTA platform available (set 'hibernate.transaction.jta.platform' to enable JTA platform integration)
2024-06-13T00:15:36.802+02:00  INFO 2444 --- [document_store] [main] j.LocalContainerEntityManagerFactoryBean : Initialized JPA EntityManagerFactory for persistence unit 'default'
2024-06-13T00:15:37.394+02:00  WARN 2444 --- [document_store] [main] JpaBaseConfiguration$JpaWebConfiguration : spring.jpa.open-in-view is enabled by default. Therefore, database queries may be performed during view rendering. Explicitly configure spring.jpa.open-in-view to disable this warning
2024-06-13T00:15:38.857+02:00  INFO 2444 --- [document_store] [main] o.s.s.web.DefaultSecurityFilterChain     : Will secure any request with [org.springframework.security.web.session.DisableEncodeUrlFilter@31ce271c, org.springframework.security.web.context.request.async.WebAsyncManagerIntegrationFilter@b1d7b09, org.springframework.security.web.context.SecurityContextHolderFilter@389fad5b, org.springframework.security.web.header.HeaderWriterFilter@2f1b8770, org.springframework.security.web.authentication.logout.LogoutFilter@7c08461b, org.springframework.security.oauth2.server.resource.web.authentication.BearerTokenAuthenticationFilter@42c9f2cd, org.springframework.security.web.savedrequest.RequestCacheAwareFilter@285b63eb, org.springframework.security.web.servletapi.SecurityContextHolderAwareRequestFilter@5a983f8a, org.springframework.security.web.authentication.AnonymousAuthenticationFilter@64faf3d, org.springframework.security.web.session.SessionManagementFilter@c8d20bb, org.springframework.security.web.access.ExceptionTranslationFilter@a904e64, org.springframework.security.web.access.intercept.AuthorizationFilter@322399e6]
2024-06-13T00:15:39.396+02:00  INFO 2444 --- [document_store] [main] o.s.b.w.embedded.tomcat.TomcatWebServer  : Tomcat started on port 8081 (http) with context path ''
2024-06-13T00:15:39.403+02:00  INFO 2444 --- [document_store] [main] c.e.d.DocumentStoreApplicationKt         : Started DocumentStoreApplicationKt in 10.398 seconds (process running for 10.977)
2024-06-13T00:16:18.383+02:00  INFO 2444 --- [document_store] [http-nio-8081-exec-1] o.a.c.c.C.[Tomcat].[localhost].[/]       : Initializing Spring DispatcherServlet 'dispatcherServlet'
2024-06-13T00:16:18.383+02:00  INFO 2444 --- [document_store] [http-nio-8081-exec-1] o.s.web.servlet.DispatcherServlet        : Initializing Servlet 'dispatcherServlet'
2024-06-13T00:16:18.384+02:00  INFO 2444 --- [document_store] [http-nio-8081-exec-1] o.s.web.servlet.DispatcherServlet        : Completed initialization in 1 ms
2024-06-13T00:16:18.599+02:00  INFO 2444 --- [document_store] [http-nio-8081-exec-1] c.e.d.services.DocumentServices          : Document fetched successfully
2024-06-13T00:16:33.267+02:00  INFO 2444 --- [document_store] [http-nio-8081-exec-7] c.e.d.services.DocumentServices          : Document fetched successfully
2024-06-13T00:16:44.062+02:00  INFO 2444 --- [document_store] [SpringApplicationShutdownHook] j.LocalContainerEntityManagerFactoryBean : Closing JPA EntityManagerFactory for persistence unit 'default'
2024-06-13T00:16:44.065+02:00  INFO 2444 --- [document_store] [SpringApplicationShutdownHook] com.zaxxer.hikari.HikariDataSource       : HikariPool-1 - Shutdown initiated...
2024-06-13T00:16:44.069+02:00  INFO 2444 --- [document_store] [SpringApplicationShutdownHook] com.zaxxer.hikari.HikariDataSource       : HikariPool-1 - Shutdown completed.
2024-06-13T00:23:30.277+02:00  INFO 4168 --- [document_store] [main] c.e.d.DocumentStoreApplicationKt         : Starting DocumentStoreApplicationKt using Java 21.0.2 with PID 4168 (C:\Users\maxim\Desktop\Polito\2° Anno\2°Semestre\Web Application II\Laboratori\lab5-g29\document_store\build\classes\kotlin\main started by maxim in C:\Users\maxim\Desktop\Polito\2° Anno\2°Semestre\Web Application II\Laboratori\lab5-g29\document_store)
2024-06-13T00:23:30.278+02:00 DEBUG 4168 --- [document_store] [main] c.e.d.DocumentStoreApplicationKt         : Running with Spring Boot v3.2.4, Spring v6.1.5
2024-06-13T00:23:30.279+02:00  INFO 4168 --- [document_store] [main] c.e.d.DocumentStoreApplicationKt         : No active profile set, falling back to 1 default profile: "default"
2024-06-13T00:23:30.358+02:00  INFO 4168 --- [document_store] [main] .s.b.d.c.l.DockerComposeLifecycleManager : Using Docker Compose file 'C:\Users\maxim\Desktop\Polito\2° Anno\2°Semestre\Web Application II\Laboratori\lab5-g29\document_store\compose.yaml'
2024-06-13T00:23:31.960+02:00  INFO 4168 --- [document_store] [OutputReader-stderr] o.s.boot.docker.compose.core.DockerCli   :  Container document_store-postgres-1  Created
2024-06-13T00:23:31.966+02:00  INFO 4168 --- [document_store] [OutputReader-stderr] o.s.boot.docker.compose.core.DockerCli   :  Container document_store-postgres-1  Starting
2024-06-13T00:23:32.241+02:00  INFO 4168 --- [document_store] [OutputReader-stderr] o.s.boot.docker.compose.core.DockerCli   : Error response from daemon: driver failed programming external connectivity on endpoint document_store-postgres-1 (89fe9c9ca27f7cddce8639d6b295d2fa3d8f82df0c216dcc5cb00c37df807e69): Bind for 0.0.0.0:5432 failed: port is already allocated
2024-06-13T00:23:32.308+02:00 ERROR 4168 --- [document_store] [main] o.s.boot.SpringApplication               : Application run failed

org.springframework.boot.docker.compose.core.ProcessExitException: 'docker compose --file C:\Users\maxim\Desktop\Polito\2° Anno\2°Semestre\Web Application II\Laboratori\lab5-g29\document_store\compose.yaml --ansi never up --no-color --detach --wait' failed with exit code 1.

Stdout:


Stderr:
 Container document_store-postgres-1  Created
 Container document_store-postgres-1  Starting
Error response from daemon: driver failed programming external connectivity on endpoint document_store-postgres-1 (89fe9c9ca27f7cddce8639d6b295d2fa3d8f82df0c216dcc5cb00c37df807e69): Bind for 0.0.0.0:5432 failed: port is already allocated

	at org.springframework.boot.docker.compose.core.ProcessRunner.run(ProcessRunner.java:96) ~[spring-boot-docker-compose-3.2.4.jar:3.2.4]
	at org.springframework.boot.docker.compose.core.DockerCli.run(DockerCli.java:80) ~[spring-boot-docker-compose-3.2.4.jar:3.2.4]
	at org.springframework.boot.docker.compose.core.DefaultDockerCompose.up(DefaultDockerCompose.java:51) ~[spring-boot-docker-compose-3.2.4.jar:3.2.4]
	at org.springframework.boot.docker.compose.lifecycle.StartCommand.applyTo(StartCommand.java:51) ~[spring-boot-docker-compose-3.2.4.jar:3.2.4]
	at org.springframework.boot.docker.compose.lifecycle.DockerComposeLifecycleManager.start(DockerComposeLifecycleManager.java:123) ~[spring-boot-docker-compose-3.2.4.jar:3.2.4]
	at org.springframework.boot.docker.compose.lifecycle.DockerComposeListener.onApplicationEvent(DockerComposeListener.java:53) ~[spring-boot-docker-compose-3.2.4.jar:3.2.4]
	at org.springframework.boot.docker.compose.lifecycle.DockerComposeListener.onApplicationEvent(DockerComposeListener.java:35) ~[spring-boot-docker-compose-3.2.4.jar:3.2.4]
	at org.springframework.context.event.SimpleApplicationEventMulticaster.doInvokeListener(SimpleApplicationEventMulticaster.java:185) ~[spring-context-6.1.5.jar:6.1.5]
	at org.springframework.context.event.SimpleApplicationEventMulticaster.invokeListener(SimpleApplicationEventMulticaster.java:178) ~[spring-context-6.1.5.jar:6.1.5]
	at org.springframework.context.event.SimpleApplicationEventMulticaster.multicastEvent(SimpleApplicationEventMulticaster.java:156) ~[spring-context-6.1.5.jar:6.1.5]
	at org.springframework.context.event.SimpleApplicationEventMulticaster.multicastEvent(SimpleApplicationEventMulticaster.java:138) ~[spring-context-6.1.5.jar:6.1.5]
	at org.springframework.boot.context.event.EventPublishingRunListener.multicastInitialEvent(EventPublishingRunListener.java:136) ~[spring-boot-3.2.4.jar:3.2.4]
	at org.springframework.boot.context.event.EventPublishingRunListener.contextLoaded(EventPublishingRunListener.java:98) ~[spring-boot-3.2.4.jar:3.2.4]
	at org.springframework.boot.SpringApplicationRunListeners.lambda$contextLoaded$4(SpringApplicationRunListeners.java:72) ~[spring-boot-3.2.4.jar:3.2.4]
	at java.base/java.lang.Iterable.forEach(Iterable.java:75) ~[na:na]
	at org.springframework.boot.SpringApplicationRunListeners.doWithListeners(SpringApplicationRunListeners.java:118) ~[spring-boot-3.2.4.jar:3.2.4]
	at org.springframework.boot.SpringApplicationRunListeners.doWithListeners(SpringApplicationRunListeners.java:112) ~[spring-boot-3.2.4.jar:3.2.4]
	at org.springframework.boot.SpringApplicationRunListeners.contextLoaded(SpringApplicationRunListeners.java:72) ~[spring-boot-3.2.4.jar:3.2.4]
	at org.springframework.boot.SpringApplication.prepareContext(SpringApplication.java:432) ~[spring-boot-3.2.4.jar:3.2.4]
	at org.springframework.boot.SpringApplication.run(SpringApplication.java:333) ~[spring-boot-3.2.4.jar:3.2.4]
	at org.springframework.boot.SpringApplication.run(SpringApplication.java:1354) ~[spring-boot-3.2.4.jar:3.2.4]
	at org.springframework.boot.SpringApplication.run(SpringApplication.java:1343) ~[spring-boot-3.2.4.jar:3.2.4]
	at com.example.document_store.DocumentStoreApplicationKt.main(DocumentStoreApplication.kt:13) ~[main/:na]

2024-06-13T00:24:32.576+02:00  INFO 18944 --- [document_store] [main] c.e.d.DocumentStoreApplicationKt         : Starting DocumentStoreApplicationKt using Java 21.0.2 with PID 18944 (C:\Users\maxim\Desktop\Polito\2° Anno\2°Semestre\Web Application II\Laboratori\lab5-g29\document_store\build\classes\kotlin\main started by maxim in C:\Users\maxim\Desktop\Polito\2° Anno\2°Semestre\Web Application II\Laboratori\lab5-g29\document_store)
2024-06-13T00:24:32.578+02:00 DEBUG 18944 --- [document_store] [main] c.e.d.DocumentStoreApplicationKt         : Running with Spring Boot v3.2.4, Spring v6.1.5
2024-06-13T00:24:32.579+02:00  INFO 18944 --- [document_store] [main] c.e.d.DocumentStoreApplicationKt         : No active profile set, falling back to 1 default profile: "default"
2024-06-13T00:24:32.648+02:00  INFO 18944 --- [document_store] [main] .s.b.d.c.l.DockerComposeLifecycleManager : Using Docker Compose file 'C:\Users\maxim\Desktop\Polito\2° Anno\2°Semestre\Web Application II\Laboratori\lab5-g29\document_store\compose.yaml'
2024-06-13T00:24:34.978+02:00  INFO 18944 --- [document_store] [OutputReader-stderr] o.s.boot.docker.compose.core.DockerCli   :  Container document_store-postgres-1  Recreate
2024-06-13T00:24:35.291+02:00  INFO 18944 --- [document_store] [OutputReader-stderr] o.s.boot.docker.compose.core.DockerCli   :  Container document_store-postgres-1  Recreated
2024-06-13T00:24:35.300+02:00  INFO 18944 --- [document_store] [OutputReader-stderr] o.s.boot.docker.compose.core.DockerCli   :  Container document_store-postgres-1  Starting
2024-06-13T00:24:36.508+02:00  INFO 18944 --- [document_store] [OutputReader-stderr] o.s.boot.docker.compose.core.DockerCli   :  Container document_store-postgres-1  Started
2024-06-13T00:24:36.508+02:00  INFO 18944 --- [document_store] [OutputReader-stderr] o.s.boot.docker.compose.core.DockerCli   :  Container document_store-postgres-1  Waiting
2024-06-13T00:24:37.030+02:00  INFO 18944 --- [document_store] [OutputReader-stderr] o.s.boot.docker.compose.core.DockerCli   :  Container document_store-postgres-1  Healthy
2024-06-13T00:24:38.456+02:00  INFO 18944 --- [document_store] [main] .s.d.r.c.RepositoryConfigurationDelegate : Bootstrapping Spring Data JPA repositories in DEFAULT mode.
2024-06-13T00:24:38.511+02:00  INFO 18944 --- [document_store] [main] .s.d.r.c.RepositoryConfigurationDelegate : Finished Spring Data repository scanning in 48 ms. Found 2 JPA repository interfaces.
2024-06-13T00:24:39.007+02:00  INFO 18944 --- [document_store] [main] o.s.b.w.embedded.tomcat.TomcatWebServer  : Tomcat initialized with port 8081 (http)
2024-06-13T00:24:39.017+02:00  INFO 18944 --- [document_store] [main] o.apache.catalina.core.StandardService   : Starting service [Tomcat]
2024-06-13T00:24:39.018+02:00  INFO 18944 --- [document_store] [main] o.apache.catalina.core.StandardEngine    : Starting Servlet engine: [Apache Tomcat/10.1.19]
2024-06-13T00:24:39.072+02:00  INFO 18944 --- [document_store] [main] o.a.c.c.C.[Tomcat].[localhost].[/]       : Initializing Spring embedded WebApplicationContext
2024-06-13T00:24:39.072+02:00  INFO 18944 --- [document_store] [main] w.s.c.ServletWebServerApplicationContext : Root WebApplicationContext: initialization completed in 1296 ms
2024-06-13T00:24:39.308+02:00  INFO 18944 --- [document_store] [main] o.hibernate.jpa.internal.util.LogHelper  : HHH000204: Processing PersistenceUnitInfo [name: default]
2024-06-13T00:24:39.611+02:00  INFO 18944 --- [document_store] [main] org.hibernate.Version                    : HHH000412: Hibernate ORM core version 6.4.4.Final
2024-06-13T00:24:39.699+02:00  INFO 18944 --- [document_store] [main] o.h.c.internal.RegionFactoryInitiator    : HHH000026: Second-level cache disabled
2024-06-13T00:24:40.464+02:00  INFO 18944 --- [document_store] [main] o.s.o.j.p.SpringPersistenceUnitInfo      : No LoadTimeWeaver setup: ignoring JPA class transformer
2024-06-13T00:24:40.541+02:00  INFO 18944 --- [document_store] [main] com.zaxxer.hikari.HikariDataSource       : HikariPool-1 - Starting...
2024-06-13T00:24:41.235+02:00  INFO 18944 --- [document_store] [main] com.zaxxer.hikari.pool.HikariPool        : HikariPool-1 - Added connection org.postgresql.jdbc.PgConnection@603f4e3e
2024-06-13T00:24:41.236+02:00  INFO 18944 --- [document_store] [main] com.zaxxer.hikari.HikariDataSource       : HikariPool-1 - Start completed.
2024-06-13T00:24:42.318+02:00  INFO 18944 --- [document_store] [main] o.h.e.t.j.p.i.JtaPlatformInitiator       : HHH000489: No JTA platform available (set 'hibernate.transaction.jta.platform' to enable JTA platform integration)
2024-06-13T00:24:42.398+02:00  INFO 18944 --- [document_store] [main] j.LocalContainerEntityManagerFactoryBean : Initialized JPA EntityManagerFactory for persistence unit 'default'
2024-06-13T00:24:42.994+02:00  WARN 18944 --- [document_store] [main] JpaBaseConfiguration$JpaWebConfiguration : spring.jpa.open-in-view is enabled by default. Therefore, database queries may be performed during view rendering. Explicitly configure spring.jpa.open-in-view to disable this warning
2024-06-13T00:24:43.238+02:00  INFO 18944 --- [document_store] [main] o.s.s.web.DefaultSecurityFilterChain     : Will secure any request with [org.springframework.security.web.session.DisableEncodeUrlFilter@1043c493, org.springframework.security.web.context.request.async.WebAsyncManagerIntegrationFilter@2b27d5d3, org.springframework.security.web.context.SecurityContextHolderFilter@546ca9da, org.springframework.security.web.header.HeaderWriterFilter@5a983f8a, org.springframework.security.web.authentication.logout.LogoutFilter@304933cb, org.springframework.security.oauth2.server.resource.web.authentication.BearerTokenAuthenticationFilter@2693e39c, org.springframework.security.web.savedrequest.RequestCacheAwareFilter@14e54a35, org.springframework.security.web.servletapi.SecurityContextHolderAwareRequestFilter@298cfe89, org.springframework.security.web.authentication.AnonymousAuthenticationFilter@12115c28, org.springframework.security.web.session.SessionManagementFilter@7d018c58, org.springframework.security.web.access.ExceptionTranslationFilter@5d72da0b, org.springframework.security.web.access.intercept.AuthorizationFilter@64faf3d]
2024-06-13T00:24:43.439+02:00  INFO 18944 --- [document_store] [main] o.s.b.w.embedded.tomcat.TomcatWebServer  : Tomcat started on port 8081 (http) with context path ''
2024-06-13T00:24:43.447+02:00  INFO 18944 --- [document_store] [main] c.e.d.DocumentStoreApplicationKt         : Started DocumentStoreApplicationKt in 11.372 seconds (process running for 12.125)
2024-06-13T00:26:28.865+02:00  INFO 18944 --- [document_store] [SpringApplicationShutdownHook] j.LocalContainerEntityManagerFactoryBean : Closing JPA EntityManagerFactory for persistence unit 'default'
2024-06-13T00:26:28.868+02:00  INFO 18944 --- [document_store] [SpringApplicationShutdownHook] com.zaxxer.hikari.HikariDataSource       : HikariPool-1 - Shutdown initiated...
2024-06-13T00:26:28.872+02:00  INFO 18944 --- [document_store] [SpringApplicationShutdownHook] com.zaxxer.hikari.HikariDataSource       : HikariPool-1 - Shutdown completed.
2024-06-13T00:26:39.860+02:00  INFO 16636 --- [document_store] [main] c.e.d.DocumentStoreApplicationKt         : Starting DocumentStoreApplicationKt using Java 21.0.2 with PID 16636 (C:\Users\maxim\Desktop\Polito\2° Anno\2°Semestre\Web Application II\Laboratori\lab5-g29\document_store\build\classes\kotlin\main started by maxim in C:\Users\maxim\Desktop\Polito\2° Anno\2°Semestre\Web Application II\Laboratori\lab5-g29\document_store)
2024-06-13T00:26:39.861+02:00 DEBUG 16636 --- [document_store] [main] c.e.d.DocumentStoreApplicationKt         : Running with Spring Boot v3.2.4, Spring v6.1.5
2024-06-13T00:26:39.862+02:00  INFO 16636 --- [document_store] [main] c.e.d.DocumentStoreApplicationKt         : No active profile set, falling back to 1 default profile: "default"
2024-06-13T00:26:39.943+02:00  INFO 16636 --- [document_store] [main] .s.b.d.c.l.DockerComposeLifecycleManager : Using Docker Compose file 'C:\Users\maxim\Desktop\Polito\2° Anno\2°Semestre\Web Application II\Laboratori\lab5-g29\document_store\compose.yaml'
2024-06-13T00:26:41.278+02:00  INFO 16636 --- [document_store] [OutputReader-stderr] o.s.boot.docker.compose.core.DockerCli   :  Network document_store_default  Creating
2024-06-13T00:26:41.336+02:00  INFO 16636 --- [document_store] [OutputReader-stderr] o.s.boot.docker.compose.core.DockerCli   :  Network document_store_default  Created
2024-06-13T00:26:41.337+02:00  INFO 16636 --- [document_store] [OutputReader-stderr] o.s.boot.docker.compose.core.DockerCli   :  Container document_store-postgres-1  Creating
2024-06-13T00:26:41.460+02:00  INFO 16636 --- [document_store] [OutputReader-stderr] o.s.boot.docker.compose.core.DockerCli   :  Container document_store-postgres-1  Created
2024-06-13T00:26:41.465+02:00  INFO 16636 --- [document_store] [OutputReader-stderr] o.s.boot.docker.compose.core.DockerCli   :  Container document_store-postgres-1  Starting
2024-06-13T00:26:42.043+02:00  INFO 16636 --- [document_store] [OutputReader-stderr] o.s.boot.docker.compose.core.DockerCli   :  Container document_store-postgres-1  Started
2024-06-13T00:26:42.045+02:00  INFO 16636 --- [document_store] [OutputReader-stderr] o.s.boot.docker.compose.core.DockerCli   :  Container document_store-postgres-1  Waiting
2024-06-13T00:26:42.557+02:00  INFO 16636 --- [document_store] [OutputReader-stderr] o.s.boot.docker.compose.core.DockerCli   :  Container document_store-postgres-1  Healthy
2024-06-13T00:26:45.905+02:00  INFO 16636 --- [document_store] [main] .s.d.r.c.RepositoryConfigurationDelegate : Bootstrapping Spring Data JPA repositories in DEFAULT mode.
2024-06-13T00:26:45.959+02:00  INFO 16636 --- [document_store] [main] .s.d.r.c.RepositoryConfigurationDelegate : Finished Spring Data repository scanning in 49 ms. Found 2 JPA repository interfaces.
2024-06-13T00:26:46.401+02:00  INFO 16636 --- [document_store] [main] o.s.b.w.embedded.tomcat.TomcatWebServer  : Tomcat initialized with port 8081 (http)
2024-06-13T00:26:46.410+02:00  INFO 16636 --- [document_store] [main] o.apache.catalina.core.StandardService   : Starting service [Tomcat]
2024-06-13T00:26:46.411+02:00  INFO 16636 --- [document_store] [main] o.apache.catalina.core.StandardEngine    : Starting Servlet engine: [Apache Tomcat/10.1.19]
2024-06-13T00:26:46.458+02:00  INFO 16636 --- [document_store] [main] o.a.c.c.C.[Tomcat].[localhost].[/]       : Initializing Spring embedded WebApplicationContext
2024-06-13T00:26:46.458+02:00  INFO 16636 --- [document_store] [main] w.s.c.ServletWebServerApplicationContext : Root WebApplicationContext: initialization completed in 1180 ms
2024-06-13T00:26:46.581+02:00  INFO 16636 --- [document_store] [main] o.hibernate.jpa.internal.util.LogHelper  : HHH000204: Processing PersistenceUnitInfo [name: default]
2024-06-13T00:26:46.639+02:00  INFO 16636 --- [document_store] [main] org.hibernate.Version                    : HHH000412: Hibernate ORM core version 6.4.4.Final
2024-06-13T00:26:46.678+02:00  INFO 16636 --- [document_store] [main] o.h.c.internal.RegionFactoryInitiator    : HHH000026: Second-level cache disabled
2024-06-13T00:26:46.896+02:00  INFO 16636 --- [document_store] [main] o.s.o.j.p.SpringPersistenceUnitInfo      : No LoadTimeWeaver setup: ignoring JPA class transformer
2024-06-13T00:26:46.919+02:00  INFO 16636 --- [document_store] [main] com.zaxxer.hikari.HikariDataSource       : HikariPool-1 - Starting...
2024-06-13T00:26:47.039+02:00  INFO 16636 --- [document_store] [main] com.zaxxer.hikari.pool.HikariPool        : HikariPool-1 - Added connection org.postgresql.jdbc.PgConnection@d4ecdb0
2024-06-13T00:26:47.040+02:00  INFO 16636 --- [document_store] [main] com.zaxxer.hikari.HikariDataSource       : HikariPool-1 - Start completed.
2024-06-13T00:26:47.860+02:00  INFO 16636 --- [document_store] [main] o.h.e.t.j.p.i.JtaPlatformInitiator       : HHH000489: No JTA platform available (set 'hibernate.transaction.jta.platform' to enable JTA platform integration)
2024-06-13T00:26:47.950+02:00  INFO 16636 --- [document_store] [main] j.LocalContainerEntityManagerFactoryBean : Initialized JPA EntityManagerFactory for persistence unit 'default'
2024-06-13T00:26:48.500+02:00  WARN 16636 --- [document_store] [main] JpaBaseConfiguration$JpaWebConfiguration : spring.jpa.open-in-view is enabled by default. Therefore, database queries may be performed during view rendering. Explicitly configure spring.jpa.open-in-view to disable this warning
2024-06-13T00:26:48.729+02:00  INFO 16636 --- [document_store] [main] o.s.s.web.DefaultSecurityFilterChain     : Will secure any request with [org.springframework.security.web.session.DisableEncodeUrlFilter@797c67c, org.springframework.security.web.context.request.async.WebAsyncManagerIntegrationFilter@31ce271c, org.springframework.security.web.context.SecurityContextHolderFilter@59f56892, org.springframework.security.web.header.HeaderWriterFilter@22d23c27, org.springframework.security.web.authentication.logout.LogoutFilter@308d8de8, org.springframework.security.oauth2.server.resource.web.authentication.BearerTokenAuthenticationFilter@3431cb1f, org.springframework.security.web.savedrequest.RequestCacheAwareFilter@5d72da0b, org.springframework.security.web.servletapi.SecurityContextHolderAwareRequestFilter@285b63eb, org.springframework.security.web.authentication.AnonymousAuthenticationFilter@b1d7b09, org.springframework.security.web.session.SessionManagementFilter@53a645a2, org.springframework.security.web.access.ExceptionTranslationFilter@24ffe853, org.springframework.security.web.access.intercept.AuthorizationFilter@443d94ae]
2024-06-13T00:26:48.931+02:00  INFO 16636 --- [document_store] [main] o.s.b.w.embedded.tomcat.TomcatWebServer  : Tomcat started on port 8081 (http) with context path ''
2024-06-13T00:26:48.938+02:00  INFO 16636 --- [document_store] [main] c.e.d.DocumentStoreApplicationKt         : Started DocumentStoreApplicationKt in 9.553 seconds (process running for 10.239)
2024-06-13T00:27:46.152+02:00  INFO 16636 --- [document_store] [http-nio-8081-exec-1] o.a.c.c.C.[Tomcat].[localhost].[/]       : Initializing Spring DispatcherServlet 'dispatcherServlet'
2024-06-13T00:27:46.152+02:00  INFO 16636 --- [document_store] [http-nio-8081-exec-1] o.s.web.servlet.DispatcherServlet        : Initializing Servlet 'dispatcherServlet'
2024-06-13T00:27:46.152+02:00  INFO 16636 --- [document_store] [http-nio-8081-exec-1] o.s.web.servlet.DispatcherServlet        : Completed initialization in 0 ms
2024-06-13T00:27:46.366+02:00  INFO 16636 --- [document_store] [http-nio-8081-exec-1] c.e.d.services.DocumentServices          : Document fetched successfully
2024-06-13T00:28:24.222+02:00  INFO 16636 --- [document_store] [http-nio-8081-exec-10] c.e.d.services.DocumentServices          : Document fetched successfully
2024-06-13T00:28:41.361+02:00  INFO 16636 --- [document_store] [SpringApplicationShutdownHook] j.LocalContainerEntityManagerFactoryBean : Closing JPA EntityManagerFactory for persistence unit 'default'
2024-06-13T00:28:41.365+02:00  INFO 16636 --- [document_store] [SpringApplicationShutdownHook] com.zaxxer.hikari.HikariDataSource       : HikariPool-1 - Shutdown initiated...
2024-06-13T00:28:41.373+02:00  INFO 16636 --- [document_store] [SpringApplicationShutdownHook] com.zaxxer.hikari.HikariDataSource       : HikariPool-1 - Shutdown completed.
2024-06-13T09:50:57.557+02:00  INFO 9780 --- [document_store] [main] c.e.d.DocumentStoreApplicationKt         : Starting DocumentStoreApplicationKt using Java 21.0.2 with PID 9780 (C:\Users\maxim\Desktop\Polito\2° Anno\2°Semestre\Web Application II\Laboratori\lab5-g29\document_store\build\classes\kotlin\main started by maxim in C:\Users\maxim\Desktop\Polito\2° Anno\2°Semestre\Web Application II\Laboratori\lab5-g29\document_store)
2024-06-13T09:50:57.559+02:00 DEBUG 9780 --- [document_store] [main] c.e.d.DocumentStoreApplicationKt         : Running with Spring Boot v3.2.4, Spring v6.1.5
2024-06-13T09:50:57.560+02:00  INFO 9780 --- [document_store] [main] c.e.d.DocumentStoreApplicationKt         : No active profile set, falling back to 1 default profile: "default"
2024-06-13T09:50:57.690+02:00  INFO 9780 --- [document_store] [main] .s.b.d.c.l.DockerComposeLifecycleManager : Using Docker Compose file 'C:\Users\maxim\Desktop\Polito\2° Anno\2°Semestre\Web Application II\Laboratori\lab5-g29\document_store\compose.yaml'
2024-06-13T09:50:59.742+02:00  INFO 9780 --- [document_store] [OutputReader-stderr] o.s.boot.docker.compose.core.DockerCli   :  Network document_store_default  Creating
2024-06-13T09:50:59.956+02:00  INFO 9780 --- [document_store] [OutputReader-stderr] o.s.boot.docker.compose.core.DockerCli   :  Network document_store_default  Created
2024-06-13T09:50:59.960+02:00  INFO 9780 --- [document_store] [OutputReader-stderr] o.s.boot.docker.compose.core.DockerCli   :  Container document_store-postgres-1  Creating
2024-06-13T09:51:00.280+02:00  INFO 9780 --- [document_store] [OutputReader-stderr] o.s.boot.docker.compose.core.DockerCli   :  Container document_store-postgres-1  Created
2024-06-13T09:51:00.287+02:00  INFO 9780 --- [document_store] [OutputReader-stderr] o.s.boot.docker.compose.core.DockerCli   :  Container document_store-postgres-1  Starting
2024-06-13T09:51:02.286+02:00  INFO 9780 --- [document_store] [OutputReader-stderr] o.s.boot.docker.compose.core.DockerCli   :  Container document_store-postgres-1  Started
2024-06-13T09:51:02.287+02:00  INFO 9780 --- [document_store] [OutputReader-stderr] o.s.boot.docker.compose.core.DockerCli   :  Container document_store-postgres-1  Waiting
2024-06-13T09:51:02.806+02:00  INFO 9780 --- [document_store] [OutputReader-stderr] o.s.boot.docker.compose.core.DockerCli   :  Container document_store-postgres-1  Healthy
2024-06-13T09:51:09.664+02:00  INFO 9780 --- [document_store] [main] .s.d.r.c.RepositoryConfigurationDelegate : Bootstrapping Spring Data JPA repositories in DEFAULT mode.
2024-06-13T09:51:09.724+02:00  INFO 9780 --- [document_store] [main] .s.d.r.c.RepositoryConfigurationDelegate : Finished Spring Data repository scanning in 53 ms. Found 2 JPA repository interfaces.
2024-06-13T09:51:10.327+02:00  INFO 9780 --- [document_store] [main] o.s.b.w.embedded.tomcat.TomcatWebServer  : Tomcat initialized with port 8081 (http)
2024-06-13T09:51:10.352+02:00  INFO 9780 --- [document_store] [main] o.apache.catalina.core.StandardService   : Starting service [Tomcat]
2024-06-13T09:51:10.353+02:00  INFO 9780 --- [document_store] [main] o.apache.catalina.core.StandardEngine    : Starting Servlet engine: [Apache Tomcat/10.1.19]
2024-06-13T09:51:10.500+02:00  INFO 9780 --- [document_store] [main] o.a.c.c.C.[Tomcat].[localhost].[/]       : Initializing Spring embedded WebApplicationContext
2024-06-13T09:51:10.502+02:00  INFO 9780 --- [document_store] [main] w.s.c.ServletWebServerApplicationContext : Root WebApplicationContext: initialization completed in 1828 ms
2024-06-13T09:51:10.714+02:00  INFO 9780 --- [document_store] [main] o.hibernate.jpa.internal.util.LogHelper  : HHH000204: Processing PersistenceUnitInfo [name: default]
2024-06-13T09:51:10.812+02:00  INFO 9780 --- [document_store] [main] org.hibernate.Version                    : HHH000412: Hibernate ORM core version 6.4.4.Final
2024-06-13T09:51:10.863+02:00  INFO 9780 --- [document_store] [main] o.h.c.internal.RegionFactoryInitiator    : HHH000026: Second-level cache disabled
2024-06-13T09:51:11.206+02:00  INFO 9780 --- [document_store] [main] o.s.o.j.p.SpringPersistenceUnitInfo      : No LoadTimeWeaver setup: ignoring JPA class transformer
2024-06-13T09:51:11.243+02:00  INFO 9780 --- [document_store] [main] com.zaxxer.hikari.HikariDataSource       : HikariPool-1 - Starting...
2024-06-13T09:51:11.443+02:00  INFO 9780 --- [document_store] [main] com.zaxxer.hikari.pool.HikariPool        : HikariPool-1 - Added connection org.postgresql.jdbc.PgConnection@7ac685ef
2024-06-13T09:51:11.445+02:00  INFO 9780 --- [document_store] [main] com.zaxxer.hikari.HikariDataSource       : HikariPool-1 - Start completed.
2024-06-13T09:51:12.575+02:00  INFO 9780 --- [document_store] [main] o.h.e.t.j.p.i.JtaPlatformInitiator       : HHH000489: No JTA platform available (set 'hibernate.transaction.jta.platform' to enable JTA platform integration)
2024-06-13T09:51:12.673+02:00  INFO 9780 --- [document_store] [main] j.LocalContainerEntityManagerFactoryBean : Initialized JPA EntityManagerFactory for persistence unit 'default'
2024-06-13T09:51:13.610+02:00  WARN 9780 --- [document_store] [main] JpaBaseConfiguration$JpaWebConfiguration : spring.jpa.open-in-view is enabled by default. Therefore, database queries may be performed during view rendering. Explicitly configure spring.jpa.open-in-view to disable this warning
2024-06-13T09:51:13.960+02:00  INFO 9780 --- [document_store] [main] o.s.s.web.DefaultSecurityFilterChain     : Will secure any request with [org.springframework.security.web.session.DisableEncodeUrlFilter@74fd5fb0, org.springframework.security.web.context.request.async.WebAsyncManagerIntegrationFilter@7c16cc25, org.springframework.security.web.context.SecurityContextHolderFilter@cf82c58, org.springframework.security.web.header.HeaderWriterFilter@2286dfcd, org.springframework.security.web.authentication.logout.LogoutFilter@1134a934, org.springframework.security.oauth2.server.resource.web.authentication.BearerTokenAuthenticationFilter@22d23c27, org.springframework.security.web.savedrequest.RequestCacheAwareFilter@5aff8207, org.springframework.security.web.servletapi.SecurityContextHolderAwareRequestFilter@6a5a99d9, org.springframework.security.web.authentication.AnonymousAuthenticationFilter@4f96e484, org.springframework.security.web.session.SessionManagementFilter@453bbb9b, org.springframework.security.web.access.ExceptionTranslationFilter@64ba5a71, org.springframework.security.web.access.intercept.AuthorizationFilter@18a538a0]
2024-06-13T09:51:14.220+02:00  INFO 9780 --- [document_store] [main] o.s.b.w.embedded.tomcat.TomcatWebServer  : Tomcat started on port 8081 (http) with context path ''
2024-06-13T09:51:14.228+02:00  INFO 9780 --- [document_store] [main] c.e.d.DocumentStoreApplicationKt         : Started DocumentStoreApplicationKt in 17.609 seconds (process running for 18.911)
2024-06-13T09:55:38.356+02:00  INFO 9780 --- [document_store] [http-nio-8081-exec-1] o.a.c.c.C.[Tomcat].[localhost].[/]       : Initializing Spring DispatcherServlet 'dispatcherServlet'
2024-06-13T09:55:38.371+02:00  INFO 9780 --- [document_store] [http-nio-8081-exec-1] o.s.web.servlet.DispatcherServlet        : Initializing Servlet 'dispatcherServlet'
2024-06-13T09:55:38.410+02:00  INFO 9780 --- [document_store] [http-nio-8081-exec-1] o.s.web.servlet.DispatcherServlet        : Completed initialization in 36 ms
2024-06-13T10:57:15.209+02:00  INFO 9780 --- [document_store] [SpringApplicationShutdownHook] j.LocalContainerEntityManagerFactoryBean : Closing JPA EntityManagerFactory for persistence unit 'default'
2024-06-13T10:57:15.379+02:00  INFO 9780 --- [document_store] [SpringApplicationShutdownHook] com.zaxxer.hikari.HikariDataSource       : HikariPool-1 - Shutdown initiated...
2024-06-13T10:57:15.424+02:00  INFO 9780 --- [document_store] [SpringApplicationShutdownHook] com.zaxxer.hikari.HikariDataSource       : HikariPool-1 - Shutdown completed.
2024-06-13T12:10:26.460+02:00  INFO 14112 --- [document_store] [main] c.e.d.DocumentStoreApplicationKt         : Starting DocumentStoreApplicationKt using Java 21.0.2 with PID 14112 (C:\Users\maxim\Desktop\Polito\2° Anno\2°Semestre\Web Application II\Laboratori\lab5-g29\document_store\build\classes\kotlin\main started by maxim in C:\Users\maxim\Desktop\Polito\2° Anno\2°Semestre\Web Application II\Laboratori\lab5-g29\document_store)
2024-06-13T12:10:26.462+02:00 DEBUG 14112 --- [document_store] [main] c.e.d.DocumentStoreApplicationKt         : Running with Spring Boot v3.2.4, Spring v6.1.5
2024-06-13T12:10:26.464+02:00  INFO 14112 --- [document_store] [main] c.e.d.DocumentStoreApplicationKt         : No active profile set, falling back to 1 default profile: "default"
2024-06-13T12:10:26.559+02:00  INFO 14112 --- [document_store] [main] .s.b.d.c.l.DockerComposeLifecycleManager : Using Docker Compose file 'C:\Users\maxim\Desktop\Polito\2° Anno\2°Semestre\Web Application II\Laboratori\lab5-g29\document_store\compose.yaml'
2024-06-13T12:10:28.492+02:00  INFO 14112 --- [document_store] [OutputReader-stderr] o.s.boot.docker.compose.core.DockerCli   :  Container document_store-postgres-1  Created
2024-06-13T12:10:28.498+02:00  INFO 14112 --- [document_store] [OutputReader-stderr] o.s.boot.docker.compose.core.DockerCli   :  Container document_store-postgres-1  Starting
2024-06-13T12:10:30.535+02:00  INFO 14112 --- [document_store] [OutputReader-stderr] o.s.boot.docker.compose.core.DockerCli   :  Container document_store-postgres-1  Started
2024-06-13T12:10:30.535+02:00  INFO 14112 --- [document_store] [OutputReader-stderr] o.s.boot.docker.compose.core.DockerCli   :  Container document_store-postgres-1  Waiting
2024-06-13T12:10:31.057+02:00  INFO 14112 --- [document_store] [OutputReader-stderr] o.s.boot.docker.compose.core.DockerCli   :  Container document_store-postgres-1  Healthy
2024-06-13T12:10:32.450+02:00  INFO 14112 --- [document_store] [main] .s.d.r.c.RepositoryConfigurationDelegate : Bootstrapping Spring Data JPA repositories in DEFAULT mode.
2024-06-13T12:10:32.502+02:00  INFO 14112 --- [document_store] [main] .s.d.r.c.RepositoryConfigurationDelegate : Finished Spring Data repository scanning in 45 ms. Found 2 JPA repository interfaces.
2024-06-13T12:10:32.985+02:00  INFO 14112 --- [document_store] [main] o.s.b.w.embedded.tomcat.TomcatWebServer  : Tomcat initialized with port 8081 (http)
2024-06-13T12:10:32.998+02:00  INFO 14112 --- [document_store] [main] o.apache.catalina.core.StandardService   : Starting service [Tomcat]
2024-06-13T12:10:32.998+02:00  INFO 14112 --- [document_store] [main] o.apache.catalina.core.StandardEngine    : Starting Servlet engine: [Apache Tomcat/10.1.19]
2024-06-13T12:10:33.051+02:00  INFO 14112 --- [document_store] [main] o.a.c.c.C.[Tomcat].[localhost].[/]       : Initializing Spring embedded WebApplicationContext
2024-06-13T12:10:33.051+02:00  INFO 14112 --- [document_store] [main] w.s.c.ServletWebServerApplicationContext : Root WebApplicationContext: initialization completed in 1224 ms
2024-06-13T12:10:33.188+02:00  INFO 14112 --- [document_store] [main] o.hibernate.jpa.internal.util.LogHelper  : HHH000204: Processing PersistenceUnitInfo [name: default]
2024-06-13T12:10:33.276+02:00  INFO 14112 --- [document_store] [main] org.hibernate.Version                    : HHH000412: Hibernate ORM core version 6.4.4.Final
2024-06-13T12:10:33.313+02:00  INFO 14112 --- [document_store] [main] o.h.c.internal.RegionFactoryInitiator    : HHH000026: Second-level cache disabled
2024-06-13T12:10:33.575+02:00  INFO 14112 --- [document_store] [main] o.s.o.j.p.SpringPersistenceUnitInfo      : No LoadTimeWeaver setup: ignoring JPA class transformer
2024-06-13T12:10:33.602+02:00  INFO 14112 --- [document_store] [main] com.zaxxer.hikari.HikariDataSource       : HikariPool-1 - Starting...
2024-06-13T12:10:33.871+02:00  INFO 14112 --- [document_store] [main] com.zaxxer.hikari.pool.HikariPool        : HikariPool-1 - Added connection org.postgresql.jdbc.PgConnection@6200b644
2024-06-13T12:10:33.874+02:00  INFO 14112 --- [document_store] [main] com.zaxxer.hikari.HikariDataSource       : HikariPool-1 - Start completed.
2024-06-13T12:10:34.935+02:00  INFO 14112 --- [document_store] [main] o.h.e.t.j.p.i.JtaPlatformInitiator       : HHH000489: No JTA platform available (set 'hibernate.transaction.jta.platform' to enable JTA platform integration)
2024-06-13T12:10:35.175+02:00  INFO 14112 --- [document_store] [main] j.LocalContainerEntityManagerFactoryBean : Initialized JPA EntityManagerFactory for persistence unit 'default'
2024-06-13T12:10:35.749+02:00  WARN 14112 --- [document_store] [main] JpaBaseConfiguration$JpaWebConfiguration : spring.jpa.open-in-view is enabled by default. Therefore, database queries may be performed during view rendering. Explicitly configure spring.jpa.open-in-view to disable this warning
2024-06-13T12:10:36.001+02:00  INFO 14112 --- [document_store] [main] o.s.s.web.DefaultSecurityFilterChain     : Will secure any request with [org.springframework.security.web.session.DisableEncodeUrlFilter@173602c0, org.springframework.security.web.context.request.async.WebAsyncManagerIntegrationFilter@fdeec12, org.springframework.security.web.context.SecurityContextHolderFilter@49522bdf, org.springframework.security.web.header.HeaderWriterFilter@665c79a2, org.springframework.security.web.authentication.logout.LogoutFilter@42c9f2cd, org.springframework.security.oauth2.server.resource.web.authentication.BearerTokenAuthenticationFilter@cc3fc5c, org.springframework.security.web.savedrequest.RequestCacheAwareFilter@39eea4f6, org.springframework.security.web.servletapi.SecurityContextHolderAwareRequestFilter@5c94d4b8, org.springframework.security.web.authentication.AnonymousAuthenticationFilter@1cecd0a9, org.springframework.security.web.session.SessionManagementFilter@14e54a35, org.springframework.security.web.access.ExceptionTranslationFilter@27f6e2c3, org.springframework.security.web.access.intercept.AuthorizationFilter@4a9d6eb9]
2024-06-13T12:10:36.223+02:00  INFO 14112 --- [document_store] [main] o.s.b.w.embedded.tomcat.TomcatWebServer  : Tomcat started on port 8081 (http) with context path ''
2024-06-13T12:10:36.230+02:00  INFO 14112 --- [document_store] [main] c.e.d.DocumentStoreApplicationKt         : Started DocumentStoreApplicationKt in 10.489 seconds (process running for 11.302)
2024-06-13T12:10:40.372+02:00  INFO 14112 --- [document_store] [SpringApplicationShutdownHook] j.LocalContainerEntityManagerFactoryBean : Closing JPA EntityManagerFactory for persistence unit 'default'
2024-06-13T12:10:40.376+02:00  INFO 14112 --- [document_store] [SpringApplicationShutdownHook] com.zaxxer.hikari.HikariDataSource       : HikariPool-1 - Shutdown initiated...
2024-06-13T12:10:40.381+02:00  INFO 14112 --- [document_store] [SpringApplicationShutdownHook] com.zaxxer.hikari.HikariDataSource       : HikariPool-1 - Shutdown completed.
